ARM GAS  /var/folders/5c/srt4fy4j1pd641bjfx75k5000000gn/T//cckGY9TK.s 			page 1


   1              		.cpu cortex-m4
   2              		.arch armv7e-m
   3              		.fpu fpv4-sp-d16
   4              		.eabi_attribute 27, 1
   5              		.eabi_attribute 28, 1
   6              		.eabi_attribute 20, 1
   7              		.eabi_attribute 21, 1
   8              		.eabi_attribute 23, 3
   9              		.eabi_attribute 24, 1
  10              		.eabi_attribute 25, 1
  11              		.eabi_attribute 26, 1
  12              		.eabi_attribute 30, 1
  13              		.eabi_attribute 34, 1
  14              		.eabi_attribute 18, 4
  15              		.file	"main_mode.cpp"
  16              		.text
  17              	.Ltext0:
  18              		.cfi_sections	.debug_frame
  19              		.file 1 "src/mode/main_mode.cpp"
  20              		.global	__aeabi_i2d
  21              		.global	__aeabi_dmul
  22              		.global	__aeabi_d2f
  23              		.section	.text._ZN4Mode8MainModeEv,"ax",%progbits
  24              		.align	1
  25              		.global	_ZN4Mode8MainModeEv
  26              		.syntax unified
  27              		.thumb
  28              		.thumb_func
  30              	_ZN4Mode8MainModeEv:
  31              		.fnstart
  32              	.LVL0:
  33              	.LFB275:
   1:src/mode/main_mode.cpp **** #include "mode.hpp"
   2:src/mode/main_mode.cpp **** 
   3:src/mode/main_mode.cpp **** // cortex-debug用グローバル変数
   4:src/mode/main_mode.cpp **** int yaw;
   5:src/mode/main_mode.cpp **** float voltage;
   6:src/mode/main_mode.cpp **** int process_freq;
   7:src/mode/main_mode.cpp **** int line_dir;
   8:src/mode/main_mode.cpp **** int is_on_line;
   9:src/mode/main_mode.cpp **** int encoder[4];
  10:src/mode/main_mode.cpp **** 
  11:src/mode/main_mode.cpp **** void Mode::MainMode() {
  34              		.loc 1 11 23 view -0
  35              		.cfi_startproc
  36              		@ args = 0, pretend = 0, frame = 0
  37              		@ frame_needed = 0, uses_anonymous_args = 0
  38              		.loc 1 11 23 is_stmt 0 view .LVU1
  39 0000 38B5     		push	{r3, r4, r5, lr}
  40              		.save {r3, r4, r5, lr}
  41              	.LCFI0:
  42              		.cfi_def_cfa_offset 16
  43              		.cfi_offset 3, -16
  44              		.cfi_offset 4, -12
  45              		.cfi_offset 5, -8
  46              		.cfi_offset 14, -4
  47 0002 0446     		mov	r4, r0
ARM GAS  /var/folders/5c/srt4fy4j1pd641bjfx75k5000000gn/T//cckGY9TK.s 			page 2


  12:src/mode/main_mode.cpp ****       process_timer.reset();
  48              		.loc 1 12 7 is_stmt 1 view .LVU2
  49              		.loc 1 12 26 is_stmt 0 view .LVU3
  50 0004 FFF7FEFF 		bl	_ZN5Timer5resetEv
  51              	.LVL1:
  13:src/mode/main_mode.cpp ****       // メイン処理
  14:src/mode/main_mode.cpp **** 
  15:src/mode/main_mode.cpp ****       // UART通信
  16:src/mode/main_mode.cpp ****       robot->ImuUart();
  52              		.loc 1 16 7 is_stmt 1 view .LVU4
  53              		.loc 1 16 21 is_stmt 0 view .LVU5
  54 0008 6068     		ldr	r0, [r4, #4]
  55 000a FFF7FEFF 		bl	_ZN5Robot7ImuUartEv
  56              	.LVL2:
  17:src/mode/main_mode.cpp ****       robot->LineUart();
  57              		.loc 1 17 7 is_stmt 1 view .LVU6
  58              		.loc 1 17 22 is_stmt 0 view .LVU7
  59 000e 6068     		ldr	r0, [r4, #4]
  60 0010 FFF7FEFF 		bl	_ZN5Robot8LineUartEv
  61              	.LVL3:
  18:src/mode/main_mode.cpp ****       robot->UiUart();
  62              		.loc 1 18 7 is_stmt 1 view .LVU8
  63              		.loc 1 18 20 is_stmt 0 view .LVU9
  64 0014 6068     		ldr	r0, [r4, #4]
  65 0016 FFF7FEFF 		bl	_ZN5Robot6UiUartEv
  66              	.LVL4:
  19:src/mode/main_mode.cpp ****       robot->CamUart();
  67              		.loc 1 19 7 is_stmt 1 view .LVU10
  68              		.loc 1 19 21 is_stmt 0 view .LVU11
  69 001a 6068     		ldr	r0, [r4, #4]
  70 001c FFF7FEFF 		bl	_ZN5Robot7CamUartEv
  71              	.LVL5:
  20:src/mode/main_mode.cpp ****       robot->Esp32Uart();
  72              		.loc 1 20 7 is_stmt 1 view .LVU12
  73              		.loc 1 20 23 is_stmt 0 view .LVU13
  74 0020 6068     		ldr	r0, [r4, #4]
  75 0022 FFF7FEFF 		bl	_ZN5Robot9Esp32UartEv
  76              	.LVL6:
  21:src/mode/main_mode.cpp **** 
  22:src/mode/main_mode.cpp ****       // センサー情報取得
  23:src/mode/main_mode.cpp ****       robot->GetSensors();
  77              		.loc 1 23 7 is_stmt 1 view .LVU14
  78              		.loc 1 23 24 is_stmt 0 view .LVU15
  79 0026 6068     		ldr	r0, [r4, #4]
  80 0028 FFF7FEFF 		bl	_ZN5Robot10GetSensorsEv
  81              	.LVL7:
  24:src/mode/main_mode.cpp **** 
  25:src/mode/main_mode.cpp ****       // 動いている時かデバッグモードの時ラインをつける
  26:src/mode/main_mode.cpp ****       robot->info.Line.on_led = false;
  82              		.loc 1 26 7 is_stmt 1 view .LVU16
  83 002c 6368     		ldr	r3, [r4, #4]
  84              		.loc 1 26 31 is_stmt 0 view .LVU17
  85 002e 0022     		movs	r2, #0
  86 0030 83F82A20 		strb	r2, [r3, #42]
  27:src/mode/main_mode.cpp ****       if (robot->info.mode != 0 || robot->info.Ui.item == 1) robot->info.Line.on_led = true;
  87              		.loc 1 27 7 is_stmt 1 view .LVU18
  88              		.loc 1 27 11 is_stmt 0 view .LVU19
ARM GAS  /var/folders/5c/srt4fy4j1pd641bjfx75k5000000gn/T//cckGY9TK.s 			page 3


  89 0034 6368     		ldr	r3, [r4, #4]
  90              		.loc 1 27 23 view .LVU20
  91 0036 1A7D     		ldrb	r2, [r3, #20]	@ zero_extendqisi2
  92              		.loc 1 27 7 view .LVU21
  93 0038 1AB9     		cbnz	r2, .L2
  94              		.loc 1 27 51 discriminator 2 view .LVU22
  95 003a 93F94320 		ldrsb	r2, [r3, #67]
  96              		.loc 1 27 33 discriminator 2 view .LVU23
  97 003e 012A     		cmp	r2, #1
  98 0040 02D1     		bne	.L3
  99              	.L2:
 100              		.loc 1 27 62 is_stmt 1 discriminator 3 view .LVU24
 101              		.loc 1 27 86 is_stmt 0 discriminator 3 view .LVU25
 102 0042 0122     		movs	r2, #1
 103 0044 83F82A20 		strb	r2, [r3, #42]
 104              	.L3:
  28:src/mode/main_mode.cpp **** 
  29:src/mode/main_mode.cpp ****       // 　yawのリセット
  30:src/mode/main_mode.cpp ****       if (robot->info.Ui.reset_yaw == false) robot->info.Ui.success_reset_yaw = false;
 105              		.loc 1 30 7 is_stmt 1 view .LVU26
 106              		.loc 1 30 11 is_stmt 0 view .LVU27
 107 0048 6368     		ldr	r3, [r4, #4]
 108              		.loc 1 30 26 view .LVU28
 109 004a 93F83E20 		ldrb	r2, [r3, #62]	@ zero_extendqisi2
 110              		.loc 1 30 7 view .LVU29
 111 004e 0AB9     		cbnz	r2, .L4
 112              		.loc 1 30 46 is_stmt 1 discriminator 1 view .LVU30
 113              		.loc 1 30 79 is_stmt 0 discriminator 1 view .LVU31
 114 0050 83F83F20 		strb	r2, [r3, #63]
 115              	.L4:
  31:src/mode/main_mode.cpp ****       if (robot->info.Ui.reset_yaw == true && robot->info.Ui.success_reset_yaw == false) {
 116              		.loc 1 31 7 is_stmt 1 view .LVU32
 117              		.loc 1 31 11 is_stmt 0 view .LVU33
 118 0054 6368     		ldr	r3, [r4, #4]
 119              		.loc 1 31 26 view .LVU34
 120 0056 93F83E20 		ldrb	r2, [r3, #62]	@ zero_extendqisi2
 121              		.loc 1 31 7 view .LVU35
 122 005a 52B1     		cbz	r2, .L5
 123              		.loc 1 31 62 discriminator 1 view .LVU36
 124 005c 93F83F20 		ldrb	r2, [r3, #63]	@ zero_extendqisi2
 125              		.loc 1 31 44 discriminator 1 view .LVU37
 126 0060 3AB9     		cbnz	r2, .L5
  32:src/mode/main_mode.cpp ****             robot->info.Imu.yaw_correction_val = robot->info.Imu.yaw + robot->info.Imu.yaw_correcti
 127              		.loc 1 32 13 is_stmt 1 view .LVU38
 128              		.loc 1 32 66 is_stmt 0 view .LVU39
 129 0062 DA8E     		ldrh	r2, [r3, #54]
 130              		.loc 1 32 88 view .LVU40
 131 0064 998F     		ldrh	r1, [r3, #60]
 132              		.loc 1 32 70 view .LVU41
 133 0066 0A44     		add	r2, r2, r1
 134              		.loc 1 32 48 view .LVU42
 135 0068 9A87     		strh	r2, [r3, #60]	@ movhi
  33:src/mode/main_mode.cpp ****             robot->info.Ui.success_reset_yaw = true;
 136              		.loc 1 33 13 is_stmt 1 view .LVU43
 137 006a 6368     		ldr	r3, [r4, #4]
 138              		.loc 1 33 46 is_stmt 0 view .LVU44
 139 006c 0122     		movs	r2, #1
ARM GAS  /var/folders/5c/srt4fy4j1pd641bjfx75k5000000gn/T//cckGY9TK.s 			page 4


 140 006e 83F83F20 		strb	r2, [r3, #63]
 141              	.L5:
  34:src/mode/main_mode.cpp ****       }
  35:src/mode/main_mode.cpp **** 
  36:src/mode/main_mode.cpp ****       robot->info.Esp32.do_rotate = false;
 142              		.loc 1 36 7 is_stmt 1 view .LVU45
 143 0072 6368     		ldr	r3, [r4, #4]
 144              		.loc 1 36 35 is_stmt 0 view .LVU46
 145 0074 0022     		movs	r2, #0
 146 0076 83F88A20 		strb	r2, [r3, #138]
  37:src/mode/main_mode.cpp ****       // if (robot->info.Ui.item == 0 && robot->info.Ui.sub_item != 0) robot->info.Esp32.do_rotate 
  38:src/mode/main_mode.cpp **** 
  39:src/mode/main_mode.cpp ****       // モード切り替え
  40:src/mode/main_mode.cpp ****       if (robot->info.mode == 0) {
 147              		.loc 1 40 7 is_stmt 1 view .LVU47
 148              		.loc 1 40 11 is_stmt 0 view .LVU48
 149 007a 6068     		ldr	r0, [r4, #4]
 150              		.loc 1 40 23 view .LVU49
 151 007c 037D     		ldrb	r3, [r0, #20]	@ zero_extendqisi2
 152              		.loc 1 40 7 view .LVU50
 153 007e 43B1     		cbz	r3, .L28
  41:src/mode/main_mode.cpp ****             robot->motor.Free();
  42:src/mode/main_mode.cpp **** 
  43:src/mode/main_mode.cpp ****             if (robot->info.Ui.dribbler_sig == 0) {
  44:src/mode/main_mode.cpp ****                   robot->dribbler_front.Hold(0);
  45:src/mode/main_mode.cpp ****                   robot->dribbler_back.Hold(0);
  46:src/mode/main_mode.cpp ****             } else if (robot->info.Ui.dribbler_sig == 1) {
  47:src/mode/main_mode.cpp ****                   if (robot->info.Catch.is_front) {
  48:src/mode/main_mode.cpp ****                         robot->dribbler_front.Hold(HOLD_MAX_POWER);
  49:src/mode/main_mode.cpp ****                   } else {
  50:src/mode/main_mode.cpp ****                         robot->dribbler_front.Hold(HOLD_WAIT_POWER);
  51:src/mode/main_mode.cpp ****                   }
  52:src/mode/main_mode.cpp ****             } else if (robot->info.Ui.dribbler_sig == 2) {
  53:src/mode/main_mode.cpp ****                   robot->kicker.Kick();
  54:src/mode/main_mode.cpp ****             } else if (robot->info.Ui.dribbler_sig == 3) {
  55:src/mode/main_mode.cpp ****                   if (robot->info.Catch.is_back) {
  56:src/mode/main_mode.cpp ****                         robot->dribbler_back.Hold(HOLD_MAX_POWER);
  57:src/mode/main_mode.cpp ****                   } else {
  58:src/mode/main_mode.cpp ****                         robot->dribbler_back.Hold(HOLD_WAIT_POWER);
  59:src/mode/main_mode.cpp ****                   }
  60:src/mode/main_mode.cpp ****             }
  61:src/mode/main_mode.cpp ****       } else if (robot->info.mode == 1) {
 154              		.loc 1 61 14 is_stmt 1 view .LVU51
 155 0080 013B     		subs	r3, r3, #1
 156 0082 032B     		cmp	r3, #3
 157 0084 4BD8     		bhi	.L8
 158 0086 DFE813F0 		tbh	[pc, r3, lsl #1]
 159              	.L14:
 160 008a 4700     		.2byte	(.L17-.L14)/2
 161 008c 9800     		.2byte	(.L16-.L14)/2
 162 008e 9C00     		.2byte	(.L15-.L14)/2
 163 0090 FF00     		.2byte	(.L13-.L14)/2
 164              		.p2align 1
 165              	.L28:
  41:src/mode/main_mode.cpp ****             robot->motor.Free();
 166              		.loc 1 41 13 view .LVU52
  41:src/mode/main_mode.cpp ****             robot->motor.Free();
ARM GAS  /var/folders/5c/srt4fy4j1pd641bjfx75k5000000gn/T//cckGY9TK.s 			page 5


 167              		.loc 1 41 30 is_stmt 0 view .LVU53
 168 0092 00F5C470 		add	r0, r0, #392
 169 0096 FFF7FEFF 		bl	_ZN10MotorDrive4FreeEv
 170              	.LVL8:
  43:src/mode/main_mode.cpp ****                   robot->dribbler_front.Hold(0);
 171              		.loc 1 43 13 is_stmt 1 view .LVU54
  43:src/mode/main_mode.cpp ****                   robot->dribbler_front.Hold(0);
 172              		.loc 1 43 17 is_stmt 0 view .LVU55
 173 009a 6068     		ldr	r0, [r4, #4]
  43:src/mode/main_mode.cpp ****                   robot->dribbler_front.Hold(0);
 174              		.loc 1 43 32 view .LVU56
 175 009c 90F84230 		ldrb	r3, [r0, #66]	@ zero_extendqisi2
  43:src/mode/main_mode.cpp ****                   robot->dribbler_front.Hold(0);
 176              		.loc 1 43 13 view .LVU57
 177 00a0 73B1     		cbz	r3, .L29
  46:src/mode/main_mode.cpp ****                   if (robot->info.Catch.is_front) {
 178              		.loc 1 46 20 is_stmt 1 view .LVU58
 179 00a2 012B     		cmp	r3, #1
 180 00a4 19D0     		beq	.L30
  52:src/mode/main_mode.cpp ****                   robot->kicker.Kick();
 181              		.loc 1 52 20 view .LVU59
 182 00a6 022B     		cmp	r3, #2
 183 00a8 28D0     		beq	.L31
  54:src/mode/main_mode.cpp ****                   if (robot->info.Catch.is_back) {
 184              		.loc 1 54 20 view .LVU60
 185 00aa 032B     		cmp	r3, #3
 186 00ac 37D1     		bne	.L8
  55:src/mode/main_mode.cpp ****                         robot->dribbler_back.Hold(HOLD_MAX_POWER);
 187              		.loc 1 55 19 view .LVU61
  55:src/mode/main_mode.cpp ****                         robot->dribbler_back.Hold(HOLD_MAX_POWER);
 188              		.loc 1 55 41 is_stmt 0 view .LVU62
 189 00ae 90F83230 		ldrb	r3, [r0, #50]	@ zero_extendqisi2
  55:src/mode/main_mode.cpp ****                         robot->dribbler_back.Hold(HOLD_MAX_POWER);
 190              		.loc 1 55 19 view .LVU63
 191 00b2 5BB3     		cbz	r3, .L12
  56:src/mode/main_mode.cpp ****                   } else {
 192              		.loc 1 56 25 is_stmt 1 view .LVU64
  56:src/mode/main_mode.cpp ****                   } else {
 193              		.loc 1 56 50 is_stmt 0 view .LVU65
 194 00b4 6421     		movs	r1, #100
 195 00b6 00F58750 		add	r0, r0, #4320
 196 00ba FFF7FEFF 		bl	_ZN13DribblerDrive4HoldEh
 197              	.LVL9:
 198 00be 2EE0     		b	.L8
 199              	.L29:
  44:src/mode/main_mode.cpp ****                   robot->dribbler_back.Hold(0);
 200              		.loc 1 44 19 is_stmt 1 view .LVU66
  44:src/mode/main_mode.cpp ****                   robot->dribbler_back.Hold(0);
 201              		.loc 1 44 45 is_stmt 0 view .LVU67
 202 00c0 0021     		movs	r1, #0
 203 00c2 00F58650 		add	r0, r0, #4288
 204 00c6 0830     		adds	r0, r0, #8
 205 00c8 FFF7FEFF 		bl	_ZN13DribblerDrive4HoldEh
 206              	.LVL10:
  45:src/mode/main_mode.cpp ****             } else if (robot->info.Ui.dribbler_sig == 1) {
 207              		.loc 1 45 19 is_stmt 1 view .LVU68
 208 00cc 6068     		ldr	r0, [r4, #4]
ARM GAS  /var/folders/5c/srt4fy4j1pd641bjfx75k5000000gn/T//cckGY9TK.s 			page 6


  45:src/mode/main_mode.cpp ****             } else if (robot->info.Ui.dribbler_sig == 1) {
 209              		.loc 1 45 44 is_stmt 0 view .LVU69
 210 00ce 0021     		movs	r1, #0
 211 00d0 00F58750 		add	r0, r0, #4320
 212 00d4 FFF7FEFF 		bl	_ZN13DribblerDrive4HoldEh
 213              	.LVL11:
 214 00d8 21E0     		b	.L8
 215              	.L30:
  47:src/mode/main_mode.cpp ****                         robot->dribbler_front.Hold(HOLD_MAX_POWER);
 216              		.loc 1 47 19 is_stmt 1 view .LVU70
  47:src/mode/main_mode.cpp ****                         robot->dribbler_front.Hold(HOLD_MAX_POWER);
 217              		.loc 1 47 41 is_stmt 0 view .LVU71
 218 00da 90F82E30 		ldrb	r3, [r0, #46]	@ zero_extendqisi2
  47:src/mode/main_mode.cpp ****                         robot->dribbler_front.Hold(HOLD_MAX_POWER);
 219              		.loc 1 47 19 view .LVU72
 220 00de 33B1     		cbz	r3, .L10
  48:src/mode/main_mode.cpp ****                   } else {
 221              		.loc 1 48 25 is_stmt 1 view .LVU73
  48:src/mode/main_mode.cpp ****                   } else {
 222              		.loc 1 48 51 is_stmt 0 view .LVU74
 223 00e0 6421     		movs	r1, #100
 224 00e2 00F58650 		add	r0, r0, #4288
 225 00e6 0830     		adds	r0, r0, #8
 226 00e8 FFF7FEFF 		bl	_ZN13DribblerDrive4HoldEh
 227              	.LVL12:
 228 00ec 17E0     		b	.L8
 229              	.L10:
  50:src/mode/main_mode.cpp ****                   }
 230              		.loc 1 50 25 is_stmt 1 view .LVU75
  50:src/mode/main_mode.cpp ****                   }
 231              		.loc 1 50 51 is_stmt 0 view .LVU76
 232 00ee 3221     		movs	r1, #50
 233 00f0 00F58650 		add	r0, r0, #4288
 234 00f4 0830     		adds	r0, r0, #8
 235 00f6 FFF7FEFF 		bl	_ZN13DribblerDrive4HoldEh
 236              	.LVL13:
 237 00fa 10E0     		b	.L8
 238              	.L31:
  53:src/mode/main_mode.cpp ****             } else if (robot->info.Ui.dribbler_sig == 3) {
 239              		.loc 1 53 19 is_stmt 1 view .LVU77
  53:src/mode/main_mode.cpp ****             } else if (robot->info.Ui.dribbler_sig == 3) {
 240              		.loc 1 53 37 is_stmt 0 view .LVU78
 241 00fc B7EE000A 		vmov.f32	s0, #1.0e+0
 242 0100 00F58750 		add	r0, r0, #4320
 243 0104 1830     		adds	r0, r0, #24
 244 0106 FFF7FEFF 		bl	_ZN6Kicker4KickEf
 245              	.LVL14:
 246 010a 08E0     		b	.L8
 247              	.L12:
  58:src/mode/main_mode.cpp ****                   }
 248              		.loc 1 58 25 is_stmt 1 view .LVU79
  58:src/mode/main_mode.cpp ****                   }
 249              		.loc 1 58 50 is_stmt 0 view .LVU80
 250 010c 3221     		movs	r1, #50
 251 010e 00F58750 		add	r0, r0, #4320
 252 0112 FFF7FEFF 		bl	_ZN13DribblerDrive4HoldEh
 253              	.LVL15:
ARM GAS  /var/folders/5c/srt4fy4j1pd641bjfx75k5000000gn/T//cckGY9TK.s 			page 7


 254 0116 02E0     		b	.L8
 255              	.L17:
  62:src/mode/main_mode.cpp ****             Offence();
 256              		.loc 1 62 13 is_stmt 1 view .LVU81
 257              		.loc 1 62 20 is_stmt 0 view .LVU82
 258 0118 2046     		mov	r0, r4
 259 011a FFF7FEFF 		bl	_ZN4Mode7OffenceEv
 260              	.LVL16:
 261              	.L8:
  63:src/mode/main_mode.cpp ****       } else if (robot->info.mode == 2) {
  64:src/mode/main_mode.cpp ****             Defence();
  65:src/mode/main_mode.cpp ****       } else if (robot->info.mode == 3) {  // debug mode
  66:src/mode/main_mode.cpp ****             if (robot->info.Esp32.Wifi.stop) {
  67:src/mode/main_mode.cpp ****                   robot->motor.Free();
  68:src/mode/main_mode.cpp ****             } else {
  69:src/mode/main_mode.cpp ****                   if (robot->info.Esp32.Wifi.face_axis == 0) {
  70:src/mode/main_mode.cpp ****                         robot->motor.Drive(robot->info.Esp32.Wifi.move_dir, robot->info.Esp32.Wifi.
  71:src/mode/main_mode.cpp ****                   } else if (robot->info.Esp32.Wifi.face_axis == 1) {
  72:src/mode/main_mode.cpp ****                         robot->motor.Drive(robot->info.Esp32.Wifi.move_dir, robot->info.Esp32.Wifi.
  73:src/mode/main_mode.cpp ****                   } else if (robot->info.Esp32.Wifi.face_axis == 2) {
  74:src/mode/main_mode.cpp ****                         robot->motor.Drive(robot->info.Esp32.Wifi.move_dir, robot->info.Esp32.Wifi.
  75:src/mode/main_mode.cpp ****                   }
  76:src/mode/main_mode.cpp ****             }
  77:src/mode/main_mode.cpp ****             if (robot->info.Esp32.Wifi.kick) {
  78:src/mode/main_mode.cpp ****                   robot->kicker.Kick(robot->info.Esp32.Wifi.kick * 0.01);
  79:src/mode/main_mode.cpp ****             }
  80:src/mode/main_mode.cpp ****             if (robot->info.Esp32.Wifi.do_dribble) {
  81:src/mode/main_mode.cpp ****                   robot->dribbler_front.Hold(HOLD_MAX_POWER);
  82:src/mode/main_mode.cpp ****             } else {
  83:src/mode/main_mode.cpp ****                   robot->dribbler_front.Hold(0);
  84:src/mode/main_mode.cpp ****             }
  85:src/mode/main_mode.cpp ****       } else if (robot->info.mode == 4) {  // debug mode
  86:src/mode/main_mode.cpp ****             robot->motor.Drive(0);
  87:src/mode/main_mode.cpp ****             robot->info.Ui.debug[0] = robot->info.motor_rad_s[1] * 100;
  88:src/mode/main_mode.cpp ****             robot->info.Ui.debug[1] = 0;
  89:src/mode/main_mode.cpp ****       }
  90:src/mode/main_mode.cpp **** 
  91:src/mode/main_mode.cpp ****       // cortex-debug
  92:src/mode/main_mode.cpp ****       yaw = robot->info.Imu.yaw;
 262              		.loc 1 92 7 is_stmt 1 view .LVU83
 263              		.loc 1 92 13 is_stmt 0 view .LVU84
 264 011e 6368     		ldr	r3, [r4, #4]
 265              		.loc 1 92 29 view .LVU85
 266 0120 B3F93610 		ldrsh	r1, [r3, #54]
 267              		.loc 1 92 11 view .LVU86
 268 0124 6A4A     		ldr	r2, .L36+8
 269 0126 1160     		str	r1, [r2]
  93:src/mode/main_mode.cpp ****       voltage = robot->info.voltage;
 270              		.loc 1 93 7 is_stmt 1 view .LVU87
 271              		.loc 1 93 29 is_stmt 0 view .LVU88
 272 0128 1968     		ldr	r1, [r3]	@ float
 273              		.loc 1 93 15 view .LVU89
 274 012a 6A4A     		ldr	r2, .L36+12
 275 012c 1160     		str	r1, [r2]	@ float
  94:src/mode/main_mode.cpp ****       line_dir = robot->info.Line.dir;
 276              		.loc 1 94 7 is_stmt 1 view .LVU90
 277              		.loc 1 94 35 is_stmt 0 view .LVU91
ARM GAS  /var/folders/5c/srt4fy4j1pd641bjfx75k5000000gn/T//cckGY9TK.s 			page 8


 278 012e B3F92610 		ldrsh	r1, [r3, #38]
 279              		.loc 1 94 16 view .LVU92
 280 0132 694A     		ldr	r2, .L36+16
 281 0134 1160     		str	r1, [r2]
  95:src/mode/main_mode.cpp ****       is_on_line = robot->info.Line.is_on_line;
 282              		.loc 1 95 7 is_stmt 1 view .LVU93
 283              		.loc 1 95 37 is_stmt 0 view .LVU94
 284 0136 93F82310 		ldrb	r1, [r3, #35]	@ zero_extendqisi2
 285              		.loc 1 95 18 view .LVU95
 286 013a 684A     		ldr	r2, .L36+20
 287 013c 1160     		str	r1, [r2]
  96:src/mode/main_mode.cpp **** 
  97:src/mode/main_mode.cpp ****       encoder[0] = robot->info.motor_rad_s[0];
 288              		.loc 1 97 7 is_stmt 1 view .LVU96
 289              		.loc 1 97 45 is_stmt 0 view .LVU97
 290 013e D3ED017A 		vldr.32	s15, [r3, #4]
 291              		.loc 1 97 18 view .LVU98
 292 0142 674A     		ldr	r2, .L36+24
 293 0144 FDEEE77A 		vcvt.s32.f32	s15, s15
 294 0148 C2ED007A 		vstr.32	s15, [r2]	@ int
  98:src/mode/main_mode.cpp ****       encoder[1] = robot->info.motor_rad_s[1];
 295              		.loc 1 98 7 is_stmt 1 view .LVU99
 296              		.loc 1 98 45 is_stmt 0 view .LVU100
 297 014c D3ED027A 		vldr.32	s15, [r3, #8]
 298              		.loc 1 98 18 view .LVU101
 299 0150 FDEEE77A 		vcvt.s32.f32	s15, s15
 300 0154 C2ED017A 		vstr.32	s15, [r2, #4]	@ int
  99:src/mode/main_mode.cpp ****       encoder[2] = robot->info.motor_rad_s[2];
 301              		.loc 1 99 7 is_stmt 1 view .LVU102
 302              		.loc 1 99 20 is_stmt 0 view .LVU103
 303 0158 6368     		ldr	r3, [r4, #4]
 304              		.loc 1 99 45 view .LVU104
 305 015a D3ED037A 		vldr.32	s15, [r3, #12]
 306              		.loc 1 99 18 view .LVU105
 307 015e FDEEE77A 		vcvt.s32.f32	s15, s15
 308 0162 C2ED027A 		vstr.32	s15, [r2, #8]	@ int
 100:src/mode/main_mode.cpp ****       encoder[3] = robot->info.motor_rad_s[3];
 309              		.loc 1 100 7 is_stmt 1 view .LVU106
 310              		.loc 1 100 20 is_stmt 0 view .LVU107
 311 0166 6368     		ldr	r3, [r4, #4]
 312              		.loc 1 100 45 view .LVU108
 313 0168 D3ED047A 		vldr.32	s15, [r3, #16]
 314              		.loc 1 100 18 view .LVU109
 315 016c FDEEE77A 		vcvt.s32.f32	s15, s15
 316 0170 C2ED037A 		vstr.32	s15, [r2, #12]	@ int
 101:src/mode/main_mode.cpp **** 
 102:src/mode/main_mode.cpp ****       //  定周期処理
 103:src/mode/main_mode.cpp ****       process_time_ = process_timer.read_us();
 317              		.loc 1 103 7 is_stmt 1 view .LVU110
 318              		.loc 1 103 44 is_stmt 0 view .LVU111
 319 0174 2046     		mov	r0, r4
 320 0176 FFF7FEFF 		bl	_ZN5Timer7read_usEv
 321              	.LVL17:
 322              		.loc 1 103 21 view .LVU112
 323 017a 80B2     		uxth	r0, r0
 324 017c 2081     		strh	r0, [r4, #8]	@ movhi
 104:src/mode/main_mode.cpp ****       if (process_time_ < PERIOD_US) {
ARM GAS  /var/folders/5c/srt4fy4j1pd641bjfx75k5000000gn/T//cckGY9TK.s 			page 9


 325              		.loc 1 104 7 is_stmt 1 view .LVU113
 326 017e B0F5FA7F 		cmp	r0, #500
 327 0182 05D2     		bcs	.L24
 328              	.L25:
 105:src/mode/main_mode.cpp ****             while (process_timer.read_us() < PERIOD_US);  // 余剰時間を待つ
 329              		.loc 1 105 44 discriminator 1 view .LVU114
 330              		.loc 1 105 41 is_stmt 0 discriminator 1 view .LVU115
 331 0184 2046     		mov	r0, r4
 332 0186 FFF7FEFF 		bl	_ZN5Timer7read_usEv
 333              	.LVL18:
 334              		.loc 1 105 44 discriminator 1 view .LVU116
 335 018a B0F5FA7F 		cmp	r0, #500
 336 018e F9D3     		bcc	.L25
 337              	.L24:
 106:src/mode/main_mode.cpp ****       }
 107:src/mode/main_mode.cpp ****       process_freq = 1.0f / (process_timer.read_us() * 0.000001f);
 338              		.loc 1 107 7 is_stmt 1 view .LVU117
 339              		.loc 1 107 51 is_stmt 0 view .LVU118
 340 0190 2046     		mov	r0, r4
 341 0192 FFF7FEFF 		bl	_ZN5Timer7read_usEv
 342              	.LVL19:
 343 0196 07EE900A 		vmov	s15, r0	@ int
 344              		.loc 1 107 54 view .LVU119
 345 019a F8EE677A 		vcvt.f32.u32	s15, s15
 346 019e 9FED517A 		vldr.32	s14, .L36+28
 347 01a2 67EE877A 		vmul.f32	s15, s15, s14
 348              		.loc 1 107 27 view .LVU120
 349 01a6 F7EE006A 		vmov.f32	s13, #1.0e+0
 350 01aa 86EEA77A 		vdiv.f32	s14, s13, s15
 351              		.loc 1 107 20 view .LVU121
 352 01ae BDEEC77A 		vcvt.s32.f32	s14, s14
 353 01b2 4D4B     		ldr	r3, .L36+32
 354 01b4 83ED007A 		vstr.32	s14, [r3]	@ int
 108:src/mode/main_mode.cpp **** }...
 355              		.loc 1 108 1 view .LVU122
 356 01b8 38BD     		pop	{r3, r4, r5, pc}
 357              	.LVL20:
 358              	.L16:
  64:src/mode/main_mode.cpp ****             Defence();
 359              		.loc 1 64 13 is_stmt 1 view .LVU123
  64:src/mode/main_mode.cpp ****             Defence();
 360              		.loc 1 64 20 is_stmt 0 view .LVU124
 361 01ba 2046     		mov	r0, r4
 362 01bc FFF7FEFF 		bl	_ZN4Mode7DefenceEv
 363              	.LVL21:
 364 01c0 ADE7     		b	.L8
 365              	.L15:
  66:src/mode/main_mode.cpp ****             if (robot->info.Esp32.Wifi.stop) {
 366              		.loc 1 66 13 is_stmt 1 view .LVU125
  66:src/mode/main_mode.cpp ****             if (robot->info.Esp32.Wifi.stop) {
 367              		.loc 1 66 40 is_stmt 0 view .LVU126
 368 01c2 90F89930 		ldrb	r3, [r0, #153]	@ zero_extendqisi2
  66:src/mode/main_mode.cpp ****             if (robot->info.Esp32.Wifi.stop) {
 369              		.loc 1 66 13 view .LVU127
 370 01c6 B3B9     		cbnz	r3, .L32
  69:src/mode/main_mode.cpp ****                   if (robot->info.Esp32.Wifi.face_axis == 0) {
 371              		.loc 1 69 19 is_stmt 1 view .LVU128
ARM GAS  /var/folders/5c/srt4fy4j1pd641bjfx75k5000000gn/T//cckGY9TK.s 			page 10


  69:src/mode/main_mode.cpp ****                   if (robot->info.Esp32.Wifi.face_axis == 0) {
 372              		.loc 1 69 46 is_stmt 0 view .LVU129
 373 01c8 90F89630 		ldrb	r3, [r0, #150]	@ zero_extendqisi2
  69:src/mode/main_mode.cpp ****                   if (robot->info.Esp32.Wifi.face_axis == 0) {
 374              		.loc 1 69 19 view .LVU130
 375 01cc 33B3     		cbz	r3, .L33
  71:src/mode/main_mode.cpp ****                   } else if (robot->info.Esp32.Wifi.face_axis == 1) {
 376              		.loc 1 71 26 is_stmt 1 view .LVU131
 377 01ce 012B     		cmp	r3, #1
 378 01d0 33D0     		beq	.L34
  73:src/mode/main_mode.cpp ****                   } else if (robot->info.Esp32.Wifi.face_axis == 2) {
 379              		.loc 1 73 26 view .LVU132
 380 01d2 022B     		cmp	r3, #2
 381 01d4 13D1     		bne	.L19
  74:src/mode/main_mode.cpp ****                         robot->motor.Drive(robot->info.Esp32.Wifi.move_dir, robot->info.Esp32.Wifi.
 382              		.loc 1 74 25 view .LVU133
  74:src/mode/main_mode.cpp ****                         robot->motor.Drive(robot->info.Esp32.Wifi.move_dir, robot->info.Esp32.Wifi.
 383              		.loc 1 74 43 is_stmt 0 view .LVU134
 384 01d6 0323     		movs	r3, #3
 385 01d8 9FED441A 		vldr.32	s2, .L36+36
 386 01dc B0F99420 		ldrsh	r2, [r0, #148]
 387 01e0 F2EE040A 		vmov.f32	s1, #1.0e+1
 388 01e4 90ED240A 		vldr.32	s0, [r0, #144]
 389 01e8 B0F98E10 		ldrsh	r1, [r0, #142]
 390 01ec 00F5C470 		add	r0, r0, #392
 391 01f0 FFF7FEFF 		bl	_ZN10MotorDrive5DriveEsffsfh
 392              	.LVL22:
 393 01f4 03E0     		b	.L19
 394              	.L32:
  67:src/mode/main_mode.cpp ****                   robot->motor.Free();
 395              		.loc 1 67 19 is_stmt 1 view .LVU135
  67:src/mode/main_mode.cpp ****                   robot->motor.Free();
 396              		.loc 1 67 36 is_stmt 0 view .LVU136
 397 01f6 00F5C470 		add	r0, r0, #392
 398 01fa FFF7FEFF 		bl	_ZN10MotorDrive4FreeEv
 399              	.LVL23:
 400              	.L19:
  77:src/mode/main_mode.cpp ****             if (robot->info.Esp32.Wifi.kick) {
 401              		.loc 1 77 13 is_stmt 1 view .LVU137
  77:src/mode/main_mode.cpp ****             if (robot->info.Esp32.Wifi.kick) {
 402              		.loc 1 77 17 is_stmt 0 view .LVU138
 403 01fe 6568     		ldr	r5, [r4, #4]
  77:src/mode/main_mode.cpp ****             if (robot->info.Esp32.Wifi.kick) {
 404              		.loc 1 77 40 view .LVU139
 405 0200 95F89700 		ldrb	r0, [r5, #151]	@ zero_extendqisi2
  77:src/mode/main_mode.cpp ****             if (robot->info.Esp32.Wifi.kick) {
 406              		.loc 1 77 13 view .LVU140
 407 0204 40BB     		cbnz	r0, .L35
 408              	.L22:
  80:src/mode/main_mode.cpp ****             if (robot->info.Esp32.Wifi.do_dribble) {
 409              		.loc 1 80 13 is_stmt 1 view .LVU141
  80:src/mode/main_mode.cpp ****             if (robot->info.Esp32.Wifi.do_dribble) {
 410              		.loc 1 80 17 is_stmt 0 view .LVU142
 411 0206 6068     		ldr	r0, [r4, #4]
  80:src/mode/main_mode.cpp ****             if (robot->info.Esp32.Wifi.do_dribble) {
 412              		.loc 1 80 40 view .LVU143
 413 0208 90F89830 		ldrb	r3, [r0, #152]	@ zero_extendqisi2
ARM GAS  /var/folders/5c/srt4fy4j1pd641bjfx75k5000000gn/T//cckGY9TK.s 			page 11


  80:src/mode/main_mode.cpp ****             if (robot->info.Esp32.Wifi.do_dribble) {
 414              		.loc 1 80 13 view .LVU144
 415 020c ABB3     		cbz	r3, .L23
  81:src/mode/main_mode.cpp ****                   robot->dribbler_front.Hold(HOLD_MAX_POWER);
 416              		.loc 1 81 19 is_stmt 1 view .LVU145
  81:src/mode/main_mode.cpp ****                   robot->dribbler_front.Hold(HOLD_MAX_POWER);
 417              		.loc 1 81 45 is_stmt 0 view .LVU146
 418 020e 6421     		movs	r1, #100
 419 0210 00F58650 		add	r0, r0, #4288
 420 0214 0830     		adds	r0, r0, #8
 421 0216 FFF7FEFF 		bl	_ZN13DribblerDrive4HoldEh
 422              	.LVL24:
 423 021a 80E7     		b	.L8
 424              	.L33:
  70:src/mode/main_mode.cpp ****                         robot->motor.Drive(robot->info.Esp32.Wifi.move_dir, robot->info.Esp32.Wifi.
 425              		.loc 1 70 25 is_stmt 1 view .LVU147
  70:src/mode/main_mode.cpp ****                         robot->motor.Drive(robot->info.Esp32.Wifi.move_dir, robot->info.Esp32.Wifi.
 426              		.loc 1 70 43 is_stmt 0 view .LVU148
 427 021c 9FED331A 		vldr.32	s2, .L36+36
 428 0220 B0F99420 		ldrsh	r2, [r0, #148]
 429 0224 F2EE040A 		vmov.f32	s1, #1.0e+1
 430 0228 90ED240A 		vldr.32	s0, [r0, #144]
 431 022c B0F98E10 		ldrsh	r1, [r0, #142]
 432 0230 00F5C470 		add	r0, r0, #392
 433 0234 FFF7FEFF 		bl	_ZN10MotorDrive5DriveEsffsfh
 434              	.LVL25:
 435 0238 E1E7     		b	.L19
 436              	.L34:
  72:src/mode/main_mode.cpp ****                         robot->motor.Drive(robot->info.Esp32.Wifi.move_dir, robot->info.Esp32.Wifi.
 437              		.loc 1 72 25 is_stmt 1 view .LVU149
  72:src/mode/main_mode.cpp ****                         robot->motor.Drive(robot->info.Esp32.Wifi.move_dir, robot->info.Esp32.Wifi.
 438              		.loc 1 72 43 is_stmt 0 view .LVU150
 439 023a 9FED2C1A 		vldr.32	s2, .L36+36
 440 023e B0F99420 		ldrsh	r2, [r0, #148]
 441 0242 F2EE040A 		vmov.f32	s1, #1.0e+1
 442 0246 90ED240A 		vldr.32	s0, [r0, #144]
 443 024a B0F98E10 		ldrsh	r1, [r0, #142]
 444 024e 00F5C470 		add	r0, r0, #392
 445 0252 FFF7FEFF 		bl	_ZN10MotorDrive5DriveEsffsfh
 446              	.LVL26:
 447 0256 D2E7     		b	.L19
 448              	.L35:
  78:src/mode/main_mode.cpp ****                   robot->kicker.Kick(robot->info.Esp32.Wifi.kick * 0.01);
 449              		.loc 1 78 19 is_stmt 1 view .LVU151
  78:src/mode/main_mode.cpp ****                   robot->kicker.Kick(robot->info.Esp32.Wifi.kick * 0.01);
 450              		.loc 1 78 66 is_stmt 0 view .LVU152
 451 0258 FFF7FEFF 		bl	__aeabi_i2d
 452              	.LVL27:
 453 025c 1AA3     		adr	r3, .L36
 454 025e D3E90023 		ldrd	r2, [r3]
 455 0262 FFF7FEFF 		bl	__aeabi_dmul
 456              	.LVL28:
  78:src/mode/main_mode.cpp ****                   robot->kicker.Kick(robot->info.Esp32.Wifi.kick * 0.01);
 457              		.loc 1 78 37 view .LVU153
 458 0266 FFF7FEFF 		bl	__aeabi_d2f
 459              	.LVL29:
 460 026a 00EE100A 		vmov	s0, r0
ARM GAS  /var/folders/5c/srt4fy4j1pd641bjfx75k5000000gn/T//cckGY9TK.s 			page 12


 461 026e 05F58750 		add	r0, r5, #4320
 462 0272 1830     		adds	r0, r0, #24
 463 0274 FFF7FEFF 		bl	_ZN6Kicker4KickEf
 464              	.LVL30:
 465 0278 C5E7     		b	.L22
 466              	.L23:
  83:src/mode/main_mode.cpp ****                   robot->dribbler_front.Hold(0);
 467              		.loc 1 83 19 is_stmt 1 view .LVU154
  83:src/mode/main_mode.cpp ****                   robot->dribbler_front.Hold(0);
 468              		.loc 1 83 45 is_stmt 0 view .LVU155
 469 027a 0021     		movs	r1, #0
 470 027c 00F58650 		add	r0, r0, #4288
 471 0280 0830     		adds	r0, r0, #8
 472 0282 FFF7FEFF 		bl	_ZN13DribblerDrive4HoldEh
 473              	.LVL31:
 474 0286 4AE7     		b	.L8
 475              	.L13:
  86:src/mode/main_mode.cpp ****             robot->motor.Drive(0);
 476              		.loc 1 86 13 is_stmt 1 view .LVU156
  86:src/mode/main_mode.cpp ****             robot->motor.Drive(0);
 477              		.loc 1 86 31 is_stmt 0 view .LVU157
 478 0288 9FED190A 		vldr.32	s0, .L36+40
 479 028c 0023     		movs	r3, #0
 480 028e B0EE401A 		vmov.f32	s2, s0
 481 0292 1A46     		mov	r2, r3
 482 0294 F0EE400A 		vmov.f32	s1, s0
 483 0298 1946     		mov	r1, r3
 484 029a 00F5C470 		add	r0, r0, #392
 485 029e FFF7FEFF 		bl	_ZN10MotorDrive5DriveEsffsfh
 486              	.LVL32:
  87:src/mode/main_mode.cpp ****             robot->info.Ui.debug[0] = robot->info.motor_rad_s[1] * 100;
 487              		.loc 1 87 13 is_stmt 1 view .LVU158
  87:src/mode/main_mode.cpp ****             robot->info.Ui.debug[0] = robot->info.motor_rad_s[1] * 100;
 488              		.loc 1 87 39 is_stmt 0 view .LVU159
 489 02a2 6368     		ldr	r3, [r4, #4]
  87:src/mode/main_mode.cpp ****             robot->info.Ui.debug[0] = robot->info.motor_rad_s[1] * 100;
 490              		.loc 1 87 64 view .LVU160
 491 02a4 D3ED027A 		vldr.32	s15, [r3, #8]
  87:src/mode/main_mode.cpp ****             robot->info.Ui.debug[0] = robot->info.motor_rad_s[1] * 100;
 492              		.loc 1 87 66 view .LVU161
 493 02a8 9FED127A 		vldr.32	s14, .L36+44
 494 02ac 67EE877A 		vmul.f32	s15, s15, s14
  87:src/mode/main_mode.cpp ****             robot->info.Ui.debug[0] = robot->info.motor_rad_s[1] * 100;
 495              		.loc 1 87 37 view .LVU162
 496 02b0 FDEEE77A 		vcvt.s32.f32	s15, s15
 497 02b4 17EE902A 		vmov	r2, s15	@ int
 498 02b8 A3F84620 		strh	r2, [r3, #70]	@ movhi
  88:src/mode/main_mode.cpp ****             robot->info.Ui.debug[1] = 0;
 499              		.loc 1 88 13 is_stmt 1 view .LVU163
 500 02bc 6368     		ldr	r3, [r4, #4]
  88:src/mode/main_mode.cpp ****             robot->info.Ui.debug[1] = 0;
 501              		.loc 1 88 37 is_stmt 0 view .LVU164
 502 02be 0022     		movs	r2, #0
 503 02c0 A3F84820 		strh	r2, [r3, #72]	@ movhi
 504 02c4 2BE7     		b	.L8
 505              	.L37:
 506 02c6 00BF     		.align	3
ARM GAS  /var/folders/5c/srt4fy4j1pd641bjfx75k5000000gn/T//cckGY9TK.s 			page 13


 507              	.L36:
 508 02c8 7B14AE47 		.word	1202590843
 509 02cc E17A843F 		.word	1065646817
 510 02d0 00000000 		.word	yaw
 511 02d4 00000000 		.word	voltage
 512 02d8 00000000 		.word	line_dir
 513 02dc 00000000 		.word	is_on_line
 514 02e0 00000000 		.word	encoder
 515 02e4 BD378635 		.word	897988541
 516 02e8 00000000 		.word	process_freq
 517 02ec DB0F4940 		.word	1078530011
 518 02f0 00000000 		.word	0
 519 02f4 0000C842 		.word	1120403456
 520              		.cfi_endproc
 521              	.LFE275:
 522              		.fnend
 524              		.global	encoder
 525              		.section	.bss.encoder,"aw",%nobits
 526              		.align	2
 529              	encoder:
 530 0000 00000000 		.space	16
 530      00000000 
 530      00000000 
 530      00000000 
 531              		.global	is_on_line
 532              		.section	.bss.is_on_line,"aw",%nobits
 533              		.align	2
 536              	is_on_line:
 537 0000 00000000 		.space	4
 538              		.global	line_dir
 539              		.section	.bss.line_dir,"aw",%nobits
 540              		.align	2
 543              	line_dir:
 544 0000 00000000 		.space	4
 545              		.global	process_freq
 546              		.section	.bss.process_freq,"aw",%nobits
 547              		.align	2
 550              	process_freq:
 551 0000 00000000 		.space	4
 552              		.global	voltage
 553              		.section	.bss.voltage,"aw",%nobits
 554              		.align	2
 557              	voltage:
 558 0000 00000000 		.space	4
 559              		.global	yaw
 560              		.section	.bss.yaw,"aw",%nobits
 561              		.align	2
 564              	yaw:
 565 0000 00000000 		.space	4
 566              		.text
 567              	.Letext0:
 568              		.file 2 "/opt/ST/STM32CubeCLT_1.16.0/GNU-tools-for-STM32/arm-none-eabi/include/machine/_default_ty
 569              		.file 3 "/opt/ST/STM32CubeCLT_1.16.0/GNU-tools-for-STM32/lib/gcc/arm-none-eabi/12.3.1/include/stdd
 570              		.file 4 "/opt/ST/STM32CubeCLT_1.16.0/GNU-tools-for-STM32/arm-none-eabi/include/sys/_types.h"
 571              		.file 5 "/opt/ST/STM32CubeCLT_1.16.0/GNU-tools-for-STM32/arm-none-eabi/include/sys/reent.h"
 572              		.file 6 "/opt/ST/STM32CubeCLT_1.16.0/GNU-tools-for-STM32/arm-none-eabi/include/sys/lock.h"
 573              		.file 7 "/opt/ST/STM32CubeCLT_1.16.0/GNU-tools-for-STM32/arm-none-eabi/include/stdio.h"
ARM GAS  /var/folders/5c/srt4fy4j1pd641bjfx75k5000000gn/T//cckGY9TK.s 			page 14


 574              		.file 8 "/opt/ST/STM32CubeCLT_1.16.0/GNU-tools-for-STM32/arm-none-eabi/include/sys/_stdint.h"
 575              		.file 9 "Drivers/CMSIS/Device/ST/STM32F4xx/Include/stm32f446xx.h"
 576              		.file 10 "Drivers/CMSIS/Device/ST/STM32F4xx/Include/stm32f4xx.h"
 577              		.file 11 "Drivers/STM32F4xx_HAL_Driver/Inc/stm32f4xx_hal_def.h"
 578              		.file 12 "Drivers/STM32F4xx_HAL_Driver/Inc/stm32f4xx_hal_dma.h"
 579              		.file 13 "Drivers/STM32F4xx_HAL_Driver/Inc/stm32f4xx_hal_tim.h"
 580              		.file 14 "Drivers/STM32F4xx_HAL_Driver/Inc/stm32f4xx_hal_uart.h"
 581              		.file 15 "Drivers/STM32F4xx_HAL_Driver/Inc/stm32f4xx_hal.h"
 582              		.file 16 "Lib/BufferedSerial/BufferedSerial.hpp"
 583              		.file 17 "Lib/DigitalInOut/DigitalInOut.hpp"
 584              		.file 18 "Lib/MovingAve/MovingAve.hpp"
 585              		.file 19 "/opt/ST/STM32CubeCLT_1.16.0/GNU-tools-for-STM32/arm-none-eabi/include/c++/12.3.1/cstdio"
 586              		.file 20 "/opt/ST/STM32CubeCLT_1.16.0/GNU-tools-for-STM32/arm-none-eabi/include/c++/12.3.1/arm-non
 587              		.file 21 "Lib/PWMSingle/PWMSingle.hpp"
 588              		.file 22 "Lib/Timer/Timer.hpp"
 589              		.file 23 "src/unit/dribbler_drive/dribbler_drive.hpp"
 590              		.file 24 "src/unit/kicker/kicker.hpp"
 591              		.file 25 "Lib/pid/pid.hpp"
 592              		.file 26 "src/unit/motor_drive/motor_drive.hpp"
 593              		.file 27 "src/unit/robot/robot.hpp"
 594              		.file 28 "src/mode/mode.hpp"
ARM GAS  /var/folders/5c/srt4fy4j1pd641bjfx75k5000000gn/T//cckGY9TK.s 			page 15


DEFINED SYMBOLS
                            *ABS*:00000000 main_mode.cpp
/var/folders/5c/srt4fy4j1pd641bjfx75k5000000gn/T//cckGY9TK.s:24     .text._ZN4Mode8MainModeEv:00000000 $t
/var/folders/5c/srt4fy4j1pd641bjfx75k5000000gn/T//cckGY9TK.s:30     .text._ZN4Mode8MainModeEv:00000000 _ZN4Mode8MainModeEv
/var/folders/5c/srt4fy4j1pd641bjfx75k5000000gn/T//cckGY9TK.s:160    .text._ZN4Mode8MainModeEv:0000008a $d
/var/folders/5c/srt4fy4j1pd641bjfx75k5000000gn/T//cckGY9TK.s:164    .text._ZN4Mode8MainModeEv:00000092 $t
/var/folders/5c/srt4fy4j1pd641bjfx75k5000000gn/T//cckGY9TK.s:508    .text._ZN4Mode8MainModeEv:000002c8 $d
/var/folders/5c/srt4fy4j1pd641bjfx75k5000000gn/T//cckGY9TK.s:564    .bss.yaw:00000000 yaw
/var/folders/5c/srt4fy4j1pd641bjfx75k5000000gn/T//cckGY9TK.s:557    .bss.voltage:00000000 voltage
/var/folders/5c/srt4fy4j1pd641bjfx75k5000000gn/T//cckGY9TK.s:543    .bss.line_dir:00000000 line_dir
/var/folders/5c/srt4fy4j1pd641bjfx75k5000000gn/T//cckGY9TK.s:536    .bss.is_on_line:00000000 is_on_line
/var/folders/5c/srt4fy4j1pd641bjfx75k5000000gn/T//cckGY9TK.s:529    .bss.encoder:00000000 encoder
/var/folders/5c/srt4fy4j1pd641bjfx75k5000000gn/T//cckGY9TK.s:550    .bss.process_freq:00000000 process_freq
.ARM.exidx.text._ZN4Mode8MainModeEv:00000000 $d
/var/folders/5c/srt4fy4j1pd641bjfx75k5000000gn/T//cckGY9TK.s:526    .bss.encoder:00000000 $d
/var/folders/5c/srt4fy4j1pd641bjfx75k5000000gn/T//cckGY9TK.s:533    .bss.is_on_line:00000000 $d
/var/folders/5c/srt4fy4j1pd641bjfx75k5000000gn/T//cckGY9TK.s:540    .bss.line_dir:00000000 $d
/var/folders/5c/srt4fy4j1pd641bjfx75k5000000gn/T//cckGY9TK.s:547    .bss.process_freq:00000000 $d
/var/folders/5c/srt4fy4j1pd641bjfx75k5000000gn/T//cckGY9TK.s:554    .bss.voltage:00000000 $d
/var/folders/5c/srt4fy4j1pd641bjfx75k5000000gn/T//cckGY9TK.s:561    .bss.yaw:00000000 $d

UNDEFINED SYMBOLS
__aeabi_i2d
__aeabi_dmul
__aeabi_d2f
_ZN5Timer5resetEv
_ZN5Robot7ImuUartEv
_ZN5Robot8LineUartEv
_ZN5Robot6UiUartEv
_ZN5Robot7CamUartEv
_ZN5Robot9Esp32UartEv
_ZN5Robot10GetSensorsEv
_ZN10MotorDrive4FreeEv
_ZN13DribblerDrive4HoldEh
_ZN6Kicker4KickEf
_ZN4Mode7OffenceEv
_ZN5Timer7read_usEv
_ZN4Mode7DefenceEv
_ZN10MotorDrive5DriveEsffsfh
__aeabi_unwind_cpp_pr0
