ARM GAS  /var/folders/5c/srt4fy4j1pd641bjfx75k5000000gn/T//ccMyBKqS.s 			page 1


   1              		.cpu cortex-m4
   2              		.arch armv7e-m
   3              		.fpu fpv4-sp-d16
   4              		.eabi_attribute 27, 1
   5              		.eabi_attribute 28, 1
   6              		.eabi_attribute 20, 1
   7              		.eabi_attribute 21, 1
   8              		.eabi_attribute 23, 3
   9              		.eabi_attribute 24, 1
  10              		.eabi_attribute 25, 1
  11              		.eabi_attribute 26, 1
  12              		.eabi_attribute 30, 1
  13              		.eabi_attribute 34, 1
  14              		.eabi_attribute 18, 4
  15              		.file	"offence.cpp"
  16              		.text
  17              	.Ltext0:
  18              		.cfi_sections	.debug_frame
  19              		.file 1 "src/algorithm/offence/offence.cpp"
  20              		.section	.text._ZL13HoldBallFrontP5Robot,"ax",%progbits
  21              		.align	1
  22              		.syntax unified
  23              		.thumb
  24              		.thumb_func
  26              	_ZL13HoldBallFrontP5Robot:
  27              		.fnstart
  28              	.LVL0:
  29              	.LFB1197:
   1:src/algorithm/offence/offence.cpp **** #include "capture_ball.hpp"
   2:src/algorithm/offence/offence.cpp **** #include "mode.hpp"
   3:src/algorithm/offence/offence.cpp **** #include "on_line.hpp"
   4:src/algorithm/offence/offence.cpp **** 
   5:src/algorithm/offence/offence.cpp **** // ボール保持中
   6:src/algorithm/offence/offence.cpp **** static Timer do_back_curve_shoot_timer;
   7:src/algorithm/offence/offence.cpp **** static Timer do_front_curve_shoot_timer;
   8:src/algorithm/offence/offence.cpp **** static Timer hold_timer;
   9:src/algorithm/offence/offence.cpp **** 
  10:src/algorithm/offence/offence.cpp **** static bool do_back_curve_shoot;
  11:src/algorithm/offence/offence.cpp **** 
  12:src/algorithm/offence/offence.cpp **** static bool do_front_curve_shoot;
  13:src/algorithm/offence/offence.cpp **** 
  14:src/algorithm/offence/offence.cpp **** static void HoldBallFront(Robot* robot) {
  30              		.loc 1 14 41 view -0
  31              		.cfi_startproc
  32              		@ args = 0, pretend = 0, frame = 0
  33              		@ frame_needed = 0, uses_anonymous_args = 0
  34              		.loc 1 14 41 is_stmt 0 view .LVU1
  35 0000 38B5     		push	{r3, r4, r5, lr}
  36              		.save {r3, r4, r5, lr}
  37              	.LCFI0:
  38              		.cfi_def_cfa_offset 16
  39              		.cfi_offset 3, -16
  40              		.cfi_offset 4, -12
  41              		.cfi_offset 5, -8
  42              		.cfi_offset 14, -4
  43 0002 0446     		mov	r4, r0
  15:src/algorithm/offence/offence.cpp ****       if (do_front_curve_shoot == true) {
ARM GAS  /var/folders/5c/srt4fy4j1pd641bjfx75k5000000gn/T//ccMyBKqS.s 			page 2


  44              		.loc 1 15 7 is_stmt 1 view .LVU2
  45              	.LBB2:
  46              		.loc 1 15 32 is_stmt 0 view .LVU3
  47 0004 4A4B     		ldr	r3, .L17
  48 0006 1B78     		ldrb	r3, [r3]	@ zero_extendqisi2
  49              		.loc 1 15 7 view .LVU4
  50 0008 002B     		cmp	r3, #0
  51 000a 63D0     		beq	.L2
  52              	.LBB3:
  16:src/algorithm/offence/offence.cpp ****             if (robot->info.Catch.is_front == true) hold_timer.reset();
  53              		.loc 1 16 13 is_stmt 1 view .LVU5
  54              		.loc 1 16 35 is_stmt 0 view .LVU6
  55 000c 90F82E30 		ldrb	r3, [r0, #46]	@ zero_extendqisi2
  56              		.loc 1 16 13 view .LVU7
  57 0010 002B     		cmp	r3, #0
  58 0012 4DD1     		bne	.L13
  59              	.LVL1:
  60              	.L3:
  17:src/algorithm/offence/offence.cpp ****             if (hold_timer.read_ms() > 500) do_front_curve_shoot = false;
  61              		.loc 1 17 13 is_stmt 1 view .LVU8
  62              		.loc 1 17 35 is_stmt 0 view .LVU9
  63 0014 4748     		ldr	r0, .L17+4
  64 0016 FFF7FEFF 		bl	_ZN5Timer7read_msEv
  65              	.LVL2:
  66              		.loc 1 17 13 view .LVU10
  67 001a B0F5FA7F 		cmp	r0, #500
  68 001e 02D9     		bls	.L4
  69              		.loc 1 17 45 is_stmt 1 discriminator 1 view .LVU11
  70              		.loc 1 17 66 is_stmt 0 discriminator 1 view .LVU12
  71 0020 434B     		ldr	r3, .L17
  72 0022 0022     		movs	r2, #0
  73 0024 1A70     		strb	r2, [r3]
  74              	.L4:
  18:src/algorithm/offence/offence.cpp ****             if (do_front_curve_shoot_timer.read_ms() < 500) {
  75              		.loc 1 18 13 is_stmt 1 view .LVU13
  76              	.LBB4:
  77              		.loc 1 18 51 is_stmt 0 view .LVU14
  78 0026 4448     		ldr	r0, .L17+8
  79 0028 FFF7FEFF 		bl	_ZN5Timer7read_msEv
  80              	.LVL3:
  81              		.loc 1 18 13 view .LVU15
  82 002c B0F5FA7F 		cmp	r0, #500
  83 0030 42D3     		bcc	.L14
  84              	.LBB5:
  19:src/algorithm/offence/offence.cpp ****                   robot->motor.Drive(0, 0);
  20:src/algorithm/offence/offence.cpp ****             } else {
  21:src/algorithm/offence/offence.cpp ****                   if (abs(robot->info.Cam.ops_goal_dir) < 60 || robot->info.Cam.is_goal_front == tr
  85              		.loc 1 21 19 is_stmt 1 view .LVU16
  86              		.loc 1 21 23 is_stmt 0 view .LVU17
  87 0032 B4F97430 		ldrsh	r3, [r4, #116]
  88 0036 002B     		cmp	r3, #0
  89 0038 B8BF     		it	lt
  90 003a 5B42     		rsblt	r3, r3, #0
  91 003c 9BB2     		uxth	r3, r3
  92              		.loc 1 21 19 view .LVU18
  93 003e 3B2B     		cmp	r3, #59
  94 0040 02D9     		bls	.L7
ARM GAS  /var/folders/5c/srt4fy4j1pd641bjfx75k5000000gn/T//ccMyBKqS.s 			page 3


  95              		.loc 1 21 81 discriminator 1 view .LVU19
  96 0042 94F88030 		ldrb	r3, [r4, #128]	@ zero_extendqisi2
  97              		.loc 1 21 62 discriminator 1 view .LVU20
  98 0046 9BB1     		cbz	r3, .L8
  99              	.L7:
  22:src/algorithm/offence/offence.cpp ****                         do_front_curve_shoot = false;
 100              		.loc 1 22 25 is_stmt 1 view .LVU21
 101              		.loc 1 22 46 is_stmt 0 view .LVU22
 102 0048 0025     		movs	r5, #0
 103 004a 394B     		ldr	r3, .L17
 104 004c 1D70     		strb	r5, [r3]
  23:src/algorithm/offence/offence.cpp ****                         robot->motor.Brake(200);
 105              		.loc 1 23 25 is_stmt 1 view .LVU23
 106              		.loc 1 23 43 is_stmt 0 view .LVU24
 107 004e C821     		movs	r1, #200
 108 0050 04F5C870 		add	r0, r4, #400
 109 0054 FFF7FEFF 		bl	_ZN10MotorDrive5BrakeEt
 110              	.LVL4:
  24:src/algorithm/offence/offence.cpp ****                         robot->dribbler_front.Brake();
 111              		.loc 1 24 25 is_stmt 1 view .LVU25
 112              		.loc 1 24 52 is_stmt 0 view .LVU26
 113 0058 2946     		mov	r1, r5
 114 005a 04F58650 		add	r0, r4, #4288
 115 005e 1030     		adds	r0, r0, #16
 116 0060 FFF7FEFF 		bl	_ZN13DribblerDrive5BrakeEt
 117              	.LVL5:
  25:src/algorithm/offence/offence.cpp ****                         robot->kicker.Kick();
 118              		.loc 1 25 25 is_stmt 1 view .LVU27
 119              		.loc 1 25 43 is_stmt 0 view .LVU28
 120 0064 B7EE000A 		vmov.f32	s0, #1.0e+0
 121 0068 04F58850 		add	r0, r4, #4352
 122 006c FFF7FEFF 		bl	_ZN6Kicker4KickEf
 123              	.LVL6:
 124              	.L8:
  26:src/algorithm/offence/offence.cpp ****                   }
  27:src/algorithm/offence/offence.cpp **** 
  28:src/algorithm/offence/offence.cpp ****                   int16_t rotation_dir;
 125              		.loc 1 28 19 is_stmt 1 view .LVU29
  29:src/algorithm/offence/offence.cpp ****                   rotation_dir = robot->info.Cam.ops_goal_dir;
 126              		.loc 1 29 19 view .LVU30
 127              		.loc 1 29 32 is_stmt 0 view .LVU31
 128 0070 B4F97420 		ldrsh	r2, [r4, #116]
 129              	.LVL7:
  30:src/algorithm/offence/offence.cpp ****                   if (abs(rotation_dir) > 45) rotation_dir = 45 * (abs(robot->info.Cam.ops_goal_dir
 130              		.loc 1 30 19 is_stmt 1 view .LVU32
 131              		.loc 1 30 23 is_stmt 0 view .LVU33
 132 0074 82EAE273 		eor	r3, r2, r2, asr #31
 133 0078 A3EBE273 		sub	r3, r3, r2, asr #31
 134 007c 9BB2     		uxth	r3, r3
 135              		.loc 1 30 19 view .LVU34
 136 007e 2D2B     		cmp	r3, #45
 137 0080 06D9     		bls	.L9
 138              		.loc 1 30 47 is_stmt 1 discriminator 1 view .LVU35
 139              		.loc 1 30 102 is_stmt 0 discriminator 1 view .LVU36
 140 0082 93FBF2F3 		sdiv	r3, r3, r2
 141              		.loc 1 30 60 discriminator 1 view .LVU37
 142 0086 03EB4303 		add	r3, r3, r3, lsl #1
ARM GAS  /var/folders/5c/srt4fy4j1pd641bjfx75k5000000gn/T//ccMyBKqS.s 			page 4


 143 008a C3EB0313 		rsb	r3, r3, r3, lsl #4
 144 008e 1AB2     		sxth	r2, r3
 145              	.LVL8:
 146              	.L9:
  31:src/algorithm/offence/offence.cpp ****                   robot->motor.Drive(180 - robot->info.Imu.yaw, 0.5, 0.5, rotation_dir, PI * 0.25, 
 147              		.loc 1 31 19 is_stmt 1 view .LVU38
 148              		.loc 1 31 60 is_stmt 0 view .LVU39
 149 0090 E18E     		ldrh	r1, [r4, #54]
 150              		.loc 1 31 42 view .LVU40
 151 0092 C1F1B401 		rsb	r1, r1, #180
 152              		.loc 1 31 37 view .LVU41
 153 0096 0123     		movs	r3, #1
 154 0098 9FED281A 		vldr.32	s2, .L17+12
 155 009c F6EE000A 		vmov.f32	s1, #5.0e-1
 156 00a0 B0EE600A 		vmov.f32	s0, s1
 157 00a4 09B2     		sxth	r1, r1
 158 00a6 04F5C870 		add	r0, r4, #400
 159 00aa FFF7FEFF 		bl	_ZN10MotorDrive5DriveEsffsfh
 160              	.LVL9:
 161              	.L1:
 162              		.loc 1 31 37 view .LVU42
 163              	.LBE5:
 164              	.LBE4:
 165              	.LBE3:
 166              	.LBE2:
  32:src/algorithm/offence/offence.cpp ****             }
  33:src/algorithm/offence/offence.cpp ****       } else if (abs(robot->info.Cam.ops_goal_dir) > 60) {
  34:src/algorithm/offence/offence.cpp ****             do_front_curve_shoot = true;
  35:src/algorithm/offence/offence.cpp ****             do_front_curve_shoot_timer.reset();
  36:src/algorithm/offence/offence.cpp ****       } else {
  37:src/algorithm/offence/offence.cpp ****             if (robot->info.Cam.is_goal_front == true) {
  38:src/algorithm/offence/offence.cpp ****                   robot->dribbler_front.Brake();
  39:src/algorithm/offence/offence.cpp ****                   robot->kicker.Kick();
  40:src/algorithm/offence/offence.cpp ****             }
  41:src/algorithm/offence/offence.cpp ****             robot->motor.Drive(0, robot->info.target_move_speed, 1, robot->info.Cam.ops_goal_dir, P
  42:src/algorithm/offence/offence.cpp ****       }
  43:src/algorithm/offence/offence.cpp **** }
 167              		.loc 1 43 1 view .LVU43
 168 00ae 38BD     		pop	{r3, r4, r5, pc}
 169              	.LVL10:
 170              	.L13:
 171              	.LBB8:
 172              	.LBB7:
  16:src/algorithm/offence/offence.cpp ****             if (hold_timer.read_ms() > 500) do_front_curve_shoot = false;
 173              		.loc 1 16 53 is_stmt 1 discriminator 1 view .LVU44
  16:src/algorithm/offence/offence.cpp ****             if (hold_timer.read_ms() > 500) do_front_curve_shoot = false;
 174              		.loc 1 16 69 is_stmt 0 discriminator 1 view .LVU45
 175 00b0 2048     		ldr	r0, .L17+4
 176              	.LVL11:
  16:src/algorithm/offence/offence.cpp ****             if (hold_timer.read_ms() > 500) do_front_curve_shoot = false;
 177              		.loc 1 16 69 discriminator 1 view .LVU46
 178 00b2 FFF7FEFF 		bl	_ZN5Timer5resetEv
 179              	.LVL12:
 180 00b6 ADE7     		b	.L3
 181              	.L14:
 182              	.LBB6:
  19:src/algorithm/offence/offence.cpp ****             } else {
ARM GAS  /var/folders/5c/srt4fy4j1pd641bjfx75k5000000gn/T//ccMyBKqS.s 			page 5


 183              		.loc 1 19 19 is_stmt 1 view .LVU47
  19:src/algorithm/offence/offence.cpp ****             } else {
 184              		.loc 1 19 37 is_stmt 0 view .LVU48
 185 00b8 9FED210A 		vldr.32	s0, .L17+16
 186 00bc 0023     		movs	r3, #0
 187 00be B0EE401A 		vmov.f32	s2, s0
 188 00c2 1A46     		mov	r2, r3
 189 00c4 F0EE400A 		vmov.f32	s1, s0
 190 00c8 1946     		mov	r1, r3
 191 00ca 04F5C870 		add	r0, r4, #400
 192 00ce FFF7FEFF 		bl	_ZN10MotorDrive5DriveEsffsfh
 193              	.LVL13:
 194 00d2 ECE7     		b	.L1
 195              	.LVL14:
 196              	.L2:
  19:src/algorithm/offence/offence.cpp ****             } else {
 197              		.loc 1 19 37 view .LVU49
 198              	.LBE6:
 199              	.LBE7:
  33:src/algorithm/offence/offence.cpp ****             do_front_curve_shoot = true;
 200              		.loc 1 33 14 is_stmt 1 view .LVU50
  33:src/algorithm/offence/offence.cpp ****             do_front_curve_shoot = true;
 201              		.loc 1 33 18 is_stmt 0 view .LVU51
 202 00d4 B0F97430 		ldrsh	r3, [r0, #116]
 203 00d8 002B     		cmp	r3, #0
 204 00da B8BF     		it	lt
 205 00dc 5B42     		rsblt	r3, r3, #0
 206 00de 9BB2     		uxth	r3, r3
  33:src/algorithm/offence/offence.cpp ****             do_front_curve_shoot = true;
 207              		.loc 1 33 14 view .LVU52
 208 00e0 3C2B     		cmp	r3, #60
 209 00e2 11D8     		bhi	.L15
  37:src/algorithm/offence/offence.cpp ****                   robot->dribbler_front.Brake();
 210              		.loc 1 37 13 is_stmt 1 view .LVU53
  37:src/algorithm/offence/offence.cpp ****                   robot->dribbler_front.Brake();
 211              		.loc 1 37 33 is_stmt 0 view .LVU54
 212 00e4 90F88030 		ldrb	r3, [r0, #128]	@ zero_extendqisi2
  37:src/algorithm/offence/offence.cpp ****                   robot->dribbler_front.Brake();
 213              		.loc 1 37 13 view .LVU55
 214 00e8 ABB9     		cbnz	r3, .L16
 215              	.LVL15:
 216              	.L11:
  41:src/algorithm/offence/offence.cpp ****       }
 217              		.loc 1 41 13 is_stmt 1 view .LVU56
  41:src/algorithm/offence/offence.cpp ****       }
 218              		.loc 1 41 31 is_stmt 0 view .LVU57
 219 00ea 0123     		movs	r3, #1
 220 00ec 9FED151A 		vldr.32	s2, .L17+20
 221 00f0 B4F97420 		ldrsh	r2, [r4, #116]
 222 00f4 F7EE000A 		vmov.f32	s1, #1.0e+0
 223 00f8 94ED060A 		vldr.32	s0, [r4, #24]
 224 00fc 0021     		movs	r1, #0
 225 00fe 04F5C870 		add	r0, r4, #400
 226 0102 FFF7FEFF 		bl	_ZN10MotorDrive5DriveEsffsfh
 227              	.LVL16:
 228              	.LBE8:
 229              		.loc 1 43 1 view .LVU58
ARM GAS  /var/folders/5c/srt4fy4j1pd641bjfx75k5000000gn/T//ccMyBKqS.s 			page 6


 230 0106 D2E7     		b	.L1
 231              	.LVL17:
 232              	.L15:
 233              	.LBB9:
  34:src/algorithm/offence/offence.cpp ****             do_front_curve_shoot_timer.reset();
 234              		.loc 1 34 13 is_stmt 1 view .LVU59
  34:src/algorithm/offence/offence.cpp ****             do_front_curve_shoot_timer.reset();
 235              		.loc 1 34 34 is_stmt 0 view .LVU60
 236 0108 094B     		ldr	r3, .L17
 237 010a 0122     		movs	r2, #1
 238 010c 1A70     		strb	r2, [r3]
  35:src/algorithm/offence/offence.cpp ****       } else {
 239              		.loc 1 35 13 is_stmt 1 view .LVU61
  35:src/algorithm/offence/offence.cpp ****       } else {
 240              		.loc 1 35 45 is_stmt 0 view .LVU62
 241 010e 0A48     		ldr	r0, .L17+8
 242              	.LVL18:
  35:src/algorithm/offence/offence.cpp ****       } else {
 243              		.loc 1 35 45 view .LVU63
 244 0110 FFF7FEFF 		bl	_ZN5Timer5resetEv
 245              	.LVL19:
 246 0114 CBE7     		b	.L1
 247              	.LVL20:
 248              	.L16:
  38:src/algorithm/offence/offence.cpp ****                   robot->kicker.Kick();
 249              		.loc 1 38 19 is_stmt 1 view .LVU64
  38:src/algorithm/offence/offence.cpp ****                   robot->kicker.Kick();
 250              		.loc 1 38 46 is_stmt 0 view .LVU65
 251 0116 0021     		movs	r1, #0
 252 0118 00F58650 		add	r0, r0, #4288
 253              	.LVL21:
  38:src/algorithm/offence/offence.cpp ****                   robot->kicker.Kick();
 254              		.loc 1 38 46 view .LVU66
 255 011c 1030     		adds	r0, r0, #16
 256 011e FFF7FEFF 		bl	_ZN13DribblerDrive5BrakeEt
 257              	.LVL22:
  39:src/algorithm/offence/offence.cpp ****             }
 258              		.loc 1 39 19 is_stmt 1 view .LVU67
  39:src/algorithm/offence/offence.cpp ****             }
 259              		.loc 1 39 37 is_stmt 0 view .LVU68
 260 0122 B7EE000A 		vmov.f32	s0, #1.0e+0
 261 0126 04F58850 		add	r0, r4, #4352
 262 012a FFF7FEFF 		bl	_ZN6Kicker4KickEf
 263              	.LVL23:
 264 012e DCE7     		b	.L11
 265              	.L18:
 266              		.align	2
 267              	.L17:
 268 0130 00000000 		.word	_ZL20do_front_curve_shoot
 269 0134 00000000 		.word	_ZL10hold_timer
 270 0138 00000000 		.word	_ZL26do_front_curve_shoot_timer
 271 013c DB0F493F 		.word	1061752795
 272 0140 00000000 		.word	0
 273 0144 DB0F4940 		.word	1078530011
 274              	.LBE9:
 275              		.cfi_endproc
 276              	.LFE1197:
ARM GAS  /var/folders/5c/srt4fy4j1pd641bjfx75k5000000gn/T//ccMyBKqS.s 			page 7


 277              		.fnend
 279              		.section	.text._ZL12HoldBallBackP5Robot,"ax",%progbits
 280              		.align	1
 281              		.syntax unified
 282              		.thumb
 283              		.thumb_func
 285              	_ZL12HoldBallBackP5Robot:
 286              		.fnstart
 287              	.LVL24:
 288              	.LFB1198:
  44:src/algorithm/offence/offence.cpp **** 
  45:src/algorithm/offence/offence.cpp **** static void HoldBallBack(Robot* robot) {
 289              		.loc 1 45 40 is_stmt 1 view -0
 290              		.cfi_startproc
 291              		@ args = 0, pretend = 0, frame = 0
 292              		@ frame_needed = 0, uses_anonymous_args = 0
 293              		.loc 1 45 40 is_stmt 0 view .LVU70
 294 0000 10B5     		push	{r4, lr}
 295              		.save {r4, lr}
 296              	.LCFI1:
 297              		.cfi_def_cfa_offset 8
 298              		.cfi_offset 4, -8
 299              		.cfi_offset 14, -4
 300              		.pad #8
 301 0002 82B0     		sub	sp, sp, #8
 302              	.LCFI2:
 303              		.cfi_def_cfa_offset 16
 304 0004 0446     		mov	r4, r0
  46:src/algorithm/offence/offence.cpp ****       static int16_t shoot_dir;
 305              		.loc 1 46 7 is_stmt 1 view .LVU71
  47:src/algorithm/offence/offence.cpp ****       static bool enable_shoot;
 306              		.loc 1 47 7 view .LVU72
  48:src/algorithm/offence/offence.cpp ****       if (robot->info.Catch.is_back == true) hold_timer.reset();
 307              		.loc 1 48 7 view .LVU73
 308              		.loc 1 48 29 is_stmt 0 view .LVU74
 309 0006 90F83230 		ldrb	r3, [r0, #50]	@ zero_extendqisi2
 310              		.loc 1 48 7 view .LVU75
 311 000a 23BB     		cbnz	r3, .L28
 312              	.LVL25:
 313              	.L20:
  49:src/algorithm/offence/offence.cpp ****       if (hold_timer.read_ms() > 500) do_back_curve_shoot = 0;
 314              		.loc 1 49 7 is_stmt 1 view .LVU76
 315              		.loc 1 49 29 is_stmt 0 view .LVU77
 316 000c 4648     		ldr	r0, .L30
 317 000e FFF7FEFF 		bl	_ZN5Timer7read_msEv
 318              	.LVL26:
 319              		.loc 1 49 7 view .LVU78
 320 0012 B0F5FA7F 		cmp	r0, #500
 321 0016 02D9     		bls	.L21
 322              		.loc 1 49 39 is_stmt 1 discriminator 1 view .LVU79
 323              		.loc 1 49 59 is_stmt 0 discriminator 1 view .LVU80
 324 0018 444B     		ldr	r3, .L30+4
 325 001a 0022     		movs	r2, #0
 326 001c 1A70     		strb	r2, [r3]
 327              	.L21:
  50:src/algorithm/offence/offence.cpp ****       if (do_back_curve_shoot_timer.read_ms() < 500) {  // 蹴る条件
 328              		.loc 1 50 7 is_stmt 1 view .LVU81
ARM GAS  /var/folders/5c/srt4fy4j1pd641bjfx75k5000000gn/T//ccMyBKqS.s 			page 8


 329              	.LBB10:
 330              		.loc 1 50 44 is_stmt 0 view .LVU82
 331 001e 4448     		ldr	r0, .L30+8
 332 0020 FFF7FEFF 		bl	_ZN5Timer7read_msEv
 333              	.LVL27:
 334              		.loc 1 50 7 view .LVU83
 335 0024 B0F5FA7F 		cmp	r0, #500
 336 0028 19D3     		bcc	.L29
 337              	.LBE10:
  51:src/algorithm/offence/offence.cpp ****             robot->motor.Drive(0, 0);
  52:src/algorithm/offence/offence.cpp ****             shoot_dir = 45 * (abs(robot->info.Cam.ops_goal_dir) / robot->info.Cam.ops_goal_dir);
  53:src/algorithm/offence/offence.cpp ****             enable_shoot = false;
  54:src/algorithm/offence/offence.cpp ****       } else {
  55:src/algorithm/offence/offence.cpp ****             if (enable_shoot == true) {
 338              		.loc 1 55 13 is_stmt 1 view .LVU84
 339              	.LBB17:
 340              	.LBB11:
 341              		.loc 1 55 30 is_stmt 0 view .LVU85
 342 002a 424B     		ldr	r3, .L30+12
 343 002c 1B78     		ldrb	r3, [r3]	@ zero_extendqisi2
 344              		.loc 1 55 13 view .LVU86
 345 002e 002B     		cmp	r3, #0
 346 0030 50D0     		beq	.L24
 347              	.LBE11:
 348              	.LBE17:
  56:src/algorithm/offence/offence.cpp ****                   if (abs(robot->info.Imu.yaw) > 90) {
 349              		.loc 1 56 19 is_stmt 1 view .LVU87
 350              	.LBB18:
 351              	.LBB15:
 352              	.LBB12:
 353              		.loc 1 56 23 is_stmt 0 view .LVU88
 354 0032 B4F93630 		ldrsh	r3, [r4, #54]
 355 0036 002B     		cmp	r3, #0
 356 0038 B8BF     		it	lt
 357 003a 5B42     		rsblt	r3, r3, #0
 358 003c 9BB2     		uxth	r3, r3
 359              		.loc 1 56 19 view .LVU89
 360 003e 5A2B     		cmp	r3, #90
 361 0040 2ED9     		bls	.L25
  57:src/algorithm/offence/offence.cpp ****                         robot->motor.Brake(500);
 362              		.loc 1 57 25 is_stmt 1 view .LVU90
 363              		.loc 1 57 43 is_stmt 0 view .LVU91
 364 0042 4FF4FA71 		mov	r1, #500
 365 0046 04F5C870 		add	r0, r4, #400
 366 004a FFF7FEFF 		bl	_ZN10MotorDrive5BrakeEt
 367              	.LVL28:
  58:src/algorithm/offence/offence.cpp ****                         do_back_curve_shoot = false;
 368              		.loc 1 58 25 is_stmt 1 view .LVU92
 369              		.loc 1 58 45 is_stmt 0 view .LVU93
 370 004e 374B     		ldr	r3, .L30+4
 371 0050 0022     		movs	r2, #0
 372 0052 1A70     		strb	r2, [r3]
 373 0054 22E0     		b	.L19
 374              	.LVL29:
 375              	.L28:
 376              		.loc 1 58 45 view .LVU94
 377              	.LBE12:
ARM GAS  /var/folders/5c/srt4fy4j1pd641bjfx75k5000000gn/T//ccMyBKqS.s 			page 9


 378              	.LBE15:
 379              	.LBE18:
  48:src/algorithm/offence/offence.cpp ****       if (hold_timer.read_ms() > 500) do_back_curve_shoot = 0;
 380              		.loc 1 48 46 is_stmt 1 discriminator 1 view .LVU95
  48:src/algorithm/offence/offence.cpp ****       if (hold_timer.read_ms() > 500) do_back_curve_shoot = 0;
 381              		.loc 1 48 62 is_stmt 0 discriminator 1 view .LVU96
 382 0056 3448     		ldr	r0, .L30
 383              	.LVL30:
  48:src/algorithm/offence/offence.cpp ****       if (hold_timer.read_ms() > 500) do_back_curve_shoot = 0;
 384              		.loc 1 48 62 discriminator 1 view .LVU97
 385 0058 FFF7FEFF 		bl	_ZN5Timer5resetEv
 386              	.LVL31:
 387 005c D6E7     		b	.L20
 388              	.L29:
 389              	.LBB19:
  51:src/algorithm/offence/offence.cpp ****             shoot_dir = 45 * (abs(robot->info.Cam.ops_goal_dir) / robot->info.Cam.ops_goal_dir);
 390              		.loc 1 51 13 is_stmt 1 view .LVU98
  51:src/algorithm/offence/offence.cpp ****             shoot_dir = 45 * (abs(robot->info.Cam.ops_goal_dir) / robot->info.Cam.ops_goal_dir);
 391              		.loc 1 51 31 is_stmt 0 view .LVU99
 392 005e 9FED360A 		vldr.32	s0, .L30+16
 393 0062 0023     		movs	r3, #0
 394 0064 B0EE401A 		vmov.f32	s2, s0
 395 0068 1A46     		mov	r2, r3
 396 006a F0EE400A 		vmov.f32	s1, s0
 397 006e 1946     		mov	r1, r3
 398 0070 04F5C870 		add	r0, r4, #400
 399 0074 FFF7FEFF 		bl	_ZN10MotorDrive5DriveEsffsfh
 400              	.LVL32:
  52:src/algorithm/offence/offence.cpp ****             enable_shoot = false;
 401              		.loc 1 52 13 is_stmt 1 view .LVU100
  52:src/algorithm/offence/offence.cpp ****             enable_shoot = false;
 402              		.loc 1 52 31 is_stmt 0 view .LVU101
 403 0078 B4F97420 		ldrsh	r2, [r4, #116]
 404 007c 82EAE273 		eor	r3, r2, r2, asr #31
 405 0080 A3EBE273 		sub	r3, r3, r2, asr #31
 406 0084 9BB2     		uxth	r3, r3
  52:src/algorithm/offence/offence.cpp ****             enable_shoot = false;
 407              		.loc 1 52 65 view .LVU102
 408 0086 93FBF2F3 		sdiv	r3, r3, r2
  52:src/algorithm/offence/offence.cpp ****             enable_shoot = false;
 409              		.loc 1 52 23 view .LVU103
 410 008a 03EB4303 		add	r3, r3, r3, lsl #1
 411 008e C3EB0313 		rsb	r3, r3, r3, lsl #4
 412 0092 2A4A     		ldr	r2, .L30+20
 413 0094 1380     		strh	r3, [r2]	@ movhi
  53:src/algorithm/offence/offence.cpp ****       } else {
 414              		.loc 1 53 13 is_stmt 1 view .LVU104
  53:src/algorithm/offence/offence.cpp ****       } else {
 415              		.loc 1 53 26 is_stmt 0 view .LVU105
 416 0096 274B     		ldr	r3, .L30+12
 417 0098 0022     		movs	r2, #0
 418 009a 1A70     		strb	r2, [r3]
 419              	.L19:
  53:src/algorithm/offence/offence.cpp ****       } else {
 420              		.loc 1 53 26 view .LVU106
 421              	.LBE19:
  59:src/algorithm/offence/offence.cpp ****                   } else {
ARM GAS  /var/folders/5c/srt4fy4j1pd641bjfx75k5000000gn/T//ccMyBKqS.s 			page 10


  60:src/algorithm/offence/offence.cpp ****                         int16_t shoot_power = -1000 * (abs(shoot_dir) / shoot_dir);
  61:src/algorithm/offence/offence.cpp ****                         robot->motor.Run(shoot_power, shoot_power, shoot_power, shoot_power);
  62:src/algorithm/offence/offence.cpp ****                   }
  63:src/algorithm/offence/offence.cpp ****             } else if (abs(robot->info.Imu.yaw) > abs(shoot_dir)) {
  64:src/algorithm/offence/offence.cpp ****                   enable_shoot = true;
  65:src/algorithm/offence/offence.cpp ****             } else {
  66:src/algorithm/offence/offence.cpp ****                   robot->motor.Drive(0, 0, 0, -90 * (abs(shoot_dir) / shoot_dir), PI * 0.5, BACK);
  67:src/algorithm/offence/offence.cpp ****             }
  68:src/algorithm/offence/offence.cpp ****       }
  69:src/algorithm/offence/offence.cpp **** }
 422              		.loc 1 69 1 view .LVU107
 423 009c 02B0     		add	sp, sp, #8
 424              	.LCFI3:
 425              		.cfi_remember_state
 426              		.cfi_def_cfa_offset 8
 427              		@ sp needed
 428 009e 10BD     		pop	{r4, pc}
 429              	.LVL33:
 430              	.L25:
 431              	.LCFI4:
 432              		.cfi_restore_state
 433              	.LBB20:
 434              	.LBB16:
 435              	.LBB14:
 436              	.LBB13:
  60:src/algorithm/offence/offence.cpp ****                         robot->motor.Run(shoot_power, shoot_power, shoot_power, shoot_power);
 437              		.loc 1 60 25 is_stmt 1 view .LVU108
  60:src/algorithm/offence/offence.cpp ****                         robot->motor.Run(shoot_power, shoot_power, shoot_power, shoot_power);
 438              		.loc 1 60 56 is_stmt 0 view .LVU109
 439 00a0 264B     		ldr	r3, .L30+20
 440 00a2 B3F90030 		ldrsh	r3, [r3]
 441 00a6 83EAE371 		eor	r1, r3, r3, asr #31
 442 00aa A1EBE371 		sub	r1, r1, r3, asr #31
 443 00ae 89B2     		uxth	r1, r1
  60:src/algorithm/offence/offence.cpp ****                         robot->motor.Run(shoot_power, shoot_power, shoot_power, shoot_power);
 444              		.loc 1 60 71 view .LVU110
 445 00b0 91FBF3F1 		sdiv	r1, r1, r3
  60:src/algorithm/offence/offence.cpp ****                         robot->motor.Run(shoot_power, shoot_power, shoot_power, shoot_power);
 446              		.loc 1 60 33 view .LVU111
 447 00b4 C1EB8113 		rsb	r3, r1, r1, lsl #6
 448 00b8 01EB8313 		add	r3, r1, r3, lsl #6
 449 00bc 01EB4301 		add	r1, r1, r3, lsl #1
 450 00c0 C900     		lsls	r1, r1, #3
 451 00c2 09B2     		sxth	r1, r1
 452              	.LVL34:
  61:src/algorithm/offence/offence.cpp ****                   }
 453              		.loc 1 61 25 is_stmt 1 view .LVU112
  61:src/algorithm/offence/offence.cpp ****                   }
 454              		.loc 1 61 41 is_stmt 0 view .LVU113
 455 00c4 0091     		str	r1, [sp]
 456 00c6 0B46     		mov	r3, r1
 457 00c8 0A46     		mov	r2, r1
 458 00ca 04F5C870 		add	r0, r4, #400
 459 00ce FFF7FEFF 		bl	_ZN10MotorDrive3RunEssss
 460              	.LVL35:
  61:src/algorithm/offence/offence.cpp ****                   }
 461              		.loc 1 61 41 view .LVU114
ARM GAS  /var/folders/5c/srt4fy4j1pd641bjfx75k5000000gn/T//ccMyBKqS.s 			page 11


 462 00d2 E3E7     		b	.L19
 463              	.LVL36:
 464              	.L24:
  61:src/algorithm/offence/offence.cpp ****                   }
 465              		.loc 1 61 41 view .LVU115
 466              	.LBE13:
 467              	.LBE14:
  63:src/algorithm/offence/offence.cpp ****                   enable_shoot = true;
 468              		.loc 1 63 20 is_stmt 1 view .LVU116
  63:src/algorithm/offence/offence.cpp ****                   enable_shoot = true;
 469              		.loc 1 63 24 is_stmt 0 view .LVU117
 470 00d4 B4F93620 		ldrsh	r2, [r4, #54]
 471 00d8 002A     		cmp	r2, #0
 472 00da B8BF     		it	lt
 473 00dc 5242     		rsblt	r2, r2, #0
 474 00de 92B2     		uxth	r2, r2
  63:src/algorithm/offence/offence.cpp ****                   enable_shoot = true;
 475              		.loc 1 63 51 view .LVU118
 476 00e0 164B     		ldr	r3, .L30+20
 477 00e2 B3F90010 		ldrsh	r1, [r3]
 478 00e6 81EAE173 		eor	r3, r1, r1, asr #31
 479 00ea A3EBE173 		sub	r3, r3, r1, asr #31
 480 00ee 9BB2     		uxth	r3, r3
  63:src/algorithm/offence/offence.cpp ****                   enable_shoot = true;
 481              		.loc 1 63 20 view .LVU119
 482 00f0 9A42     		cmp	r2, r3
 483 00f2 03D9     		bls	.L26
  64:src/algorithm/offence/offence.cpp ****             } else {
 484              		.loc 1 64 19 is_stmt 1 view .LVU120
  64:src/algorithm/offence/offence.cpp ****             } else {
 485              		.loc 1 64 32 is_stmt 0 view .LVU121
 486 00f4 0F4B     		ldr	r3, .L30+12
 487 00f6 0122     		movs	r2, #1
 488 00f8 1A70     		strb	r2, [r3]
 489 00fa CFE7     		b	.L19
 490              	.L26:
  66:src/algorithm/offence/offence.cpp ****             }
 491              		.loc 1 66 19 is_stmt 1 view .LVU122
  66:src/algorithm/offence/offence.cpp ****             }
 492              		.loc 1 66 69 is_stmt 0 view .LVU123
 493 00fc 93FBF1F3 		sdiv	r3, r3, r1
  66:src/algorithm/offence/offence.cpp ****             }
 494              		.loc 1 66 37 view .LVU124
 495 0100 03EB4303 		add	r3, r3, r3, lsl #1
 496 0104 C3EB0313 		rsb	r3, r3, r3, lsl #4
 497 0108 5A00     		lsls	r2, r3, #1
 498 010a 5242     		rsbs	r2, r2, #0
 499 010c 9FED0A0A 		vldr.32	s0, .L30+16
 500 0110 0323     		movs	r3, #3
 501 0112 9FED0B1A 		vldr.32	s2, .L30+24
 502 0116 12B2     		sxth	r2, r2
 503 0118 F0EE400A 		vmov.f32	s1, s0
 504 011c 0021     		movs	r1, #0
 505 011e 04F5C870 		add	r0, r4, #400
 506 0122 FFF7FEFF 		bl	_ZN10MotorDrive5DriveEsffsfh
 507              	.LVL37:
 508              	.LBE16:
ARM GAS  /var/folders/5c/srt4fy4j1pd641bjfx75k5000000gn/T//ccMyBKqS.s 			page 12


 509              	.LBE20:
 510              		.loc 1 69 1 view .LVU125
 511 0126 B9E7     		b	.L19
 512              	.L31:
 513              		.align	2
 514              	.L30:
 515 0128 00000000 		.word	_ZL10hold_timer
 516 012c 00000000 		.word	_ZL19do_back_curve_shoot
 517 0130 00000000 		.word	_ZL25do_back_curve_shoot_timer
 518 0134 00000000 		.word	_ZZL12HoldBallBackP5RobotE12enable_shoot
 519 0138 00000000 		.word	0
 520 013c 00000000 		.word	_ZZL12HoldBallBackP5RobotE9shoot_dir
 521 0140 DB0FC93F 		.word	1070141403
 522              		.cfi_endproc
 523              	.LFE1198:
 524              		.fnend
 526              		.section	.text._Z41__static_initialization_and_destruction_0ii,"ax",%progbits
 527              		.align	1
 528              		.syntax unified
 529              		.thumb
 530              		.thumb_func
 532              	_Z41__static_initialization_and_destruction_0ii:
 533              		.fnstart
 534              	.LVL38:
 535              	.LFB1314:
  70:src/algorithm/offence/offence.cpp **** 
  71:src/algorithm/offence/offence.cpp **** void Mode::Offence() {
  72:src/algorithm/offence/offence.cpp ****       if (robot->info.Catch.is_front) {
  73:src/algorithm/offence/offence.cpp ****             robot->dribbler_front.Hold(HOLD_MAX_POWER);
  74:src/algorithm/offence/offence.cpp ****       } else if (BALL_NEAR_FRONT) {
  75:src/algorithm/offence/offence.cpp ****             robot->dribbler_front.Hold(HOLD_WAIT_POWER);
  76:src/algorithm/offence/offence.cpp ****       } else {
  77:src/algorithm/offence/offence.cpp ****             robot->dribbler_front.Hold(0);
  78:src/algorithm/offence/offence.cpp ****       }
  79:src/algorithm/offence/offence.cpp **** 
  80:src/algorithm/offence/offence.cpp ****       if (robot->info.Catch.is_back) {
  81:src/algorithm/offence/offence.cpp ****             robot->dribbler_back.Hold(HOLD_MAX_POWER);
  82:src/algorithm/offence/offence.cpp ****       } else if (BALL_NEAR_BACK) {
  83:src/algorithm/offence/offence.cpp ****             robot->dribbler_back.Hold(HOLD_WAIT_POWER);
  84:src/algorithm/offence/offence.cpp ****       } else {
  85:src/algorithm/offence/offence.cpp ****             robot->dribbler_back.Hold(0);
  86:src/algorithm/offence/offence.cpp ****       }
  87:src/algorithm/offence/offence.cpp ****       // robot->info.Line.is_leftside || robot->info.Line.is_rightside ||
  88:src/algorithm/offence/offence.cpp **** 
  89:src/algorithm/offence/offence.cpp ****       if (robot->info.Line.is_on_line || back_to_inside_timer.read_ms() < (pre_speed * 1000)) {
  90:src/algorithm/offence/offence.cpp ****             OnLine(robot);
  91:src/algorithm/offence/offence.cpp ****       } else {
  92:src/algorithm/offence/offence.cpp ****             is_pre_on_line = false;
  93:src/algorithm/offence/offence.cpp ****             // is_pre_leftside = false;
  94:src/algorithm/offence/offence.cpp ****             // is_pre_rightside = false;
  95:src/algorithm/offence/offence.cpp **** 
  96:src/algorithm/offence/offence.cpp ****             if (robot->info.Catch.is_front == true || do_front_curve_shoot == true) {
  97:src/algorithm/offence/offence.cpp ****                   HoldBallFront(robot);
  98:src/algorithm/offence/offence.cpp ****             } else if (robot->info.Catch.is_back == true || do_back_curve_shoot == true) {
  99:src/algorithm/offence/offence.cpp ****                   if (do_back_curve_shoot == false) do_back_curve_shoot_timer.reset();
 100:src/algorithm/offence/offence.cpp ****                   do_back_curve_shoot = true;
 101:src/algorithm/offence/offence.cpp **** 
ARM GAS  /var/folders/5c/srt4fy4j1pd641bjfx75k5000000gn/T//ccMyBKqS.s 			page 13


 102:src/algorithm/offence/offence.cpp ****                   HoldBallBack(robot);
 103:src/algorithm/offence/offence.cpp ****             } else {
 104:src/algorithm/offence/offence.cpp ****                   if (abs(robot->info.Cam.ball_dir) < 120) {
 105:src/algorithm/offence/offence.cpp ****                         CaptureBall(robot, 0);
 106:src/algorithm/offence/offence.cpp ****                   } else {
 107:src/algorithm/offence/offence.cpp ****                         CaptureBall(robot, 180);
 108:src/algorithm/offence/offence.cpp ****                   }
 109:src/algorithm/offence/offence.cpp ****             }
 110:src/algorithm/offence/offence.cpp ****       }
 111:src/algorithm/offence/offence.cpp **** }...
 536              		.loc 1 111 1 is_stmt 1 view -0
 537              		.cfi_startproc
 538              		@ args = 0, pretend = 0, frame = 0
 539              		@ frame_needed = 0, uses_anonymous_args = 0
 540              		.loc 1 111 1 is_stmt 0 view .LVU127
 541 0000 0128     		cmp	r0, #1
 542 0002 00D0     		beq	.L38
 543 0004 7047     		bx	lr
 544              	.L38:
 545              		.loc 1 111 1 discriminator 1 view .LVU128
 546 0006 08B5     		push	{r3, lr}
 547              	.LCFI5:
 548              		.cfi_def_cfa_offset 8
 549              		.cfi_offset 3, -8
 550              		.cfi_offset 14, -4
 551              		.loc 1 111 1 discriminator 1 view .LVU129
 552 0008 4FF6FF73 		movw	r3, #65535
 553 000c 9942     		cmp	r1, r3
 554 000e 00D0     		beq	.L39
 555              	.LVL39:
 556              	.L32:
 557              		.loc 1 111 1 view .LVU130
 558 0010 08BD     		pop	{r3, pc}
 559              	.LVL40:
 560              	.L39:
   6:src/algorithm/offence/offence.cpp **** static Timer do_back_curve_shoot_timer;
 561              		.loc 1 6 14 view .LVU131
 562 0012 0548     		ldr	r0, .L40
 563              	.LVL41:
   6:src/algorithm/offence/offence.cpp **** static Timer do_back_curve_shoot_timer;
 564              		.loc 1 6 14 view .LVU132
 565 0014 FFF7FEFF 		bl	_ZN5TimerC1Ev
 566              	.LVL42:
   7:src/algorithm/offence/offence.cpp **** static Timer do_front_curve_shoot_timer;
 567              		.loc 1 7 14 view .LVU133
 568 0018 0448     		ldr	r0, .L40+4
 569 001a FFF7FEFF 		bl	_ZN5TimerC1Ev
 570              	.LVL43:
   8:src/algorithm/offence/offence.cpp **** static Timer hold_timer;
 571              		.loc 1 8 14 view .LVU134
 572 001e 0448     		ldr	r0, .L40+8
 573 0020 FFF7FEFF 		bl	_ZN5TimerC1Ev
 574              	.LVL44:
 575              		.loc 1 111 1 view .LVU135
 576 0024 F4E7     		b	.L32
 577              	.L41:
 578 0026 00BF     		.align	2
ARM GAS  /var/folders/5c/srt4fy4j1pd641bjfx75k5000000gn/T//ccMyBKqS.s 			page 14


 579              	.L40:
 580 0028 00000000 		.word	_ZL25do_back_curve_shoot_timer
 581 002c 00000000 		.word	_ZL26do_front_curve_shoot_timer
 582 0030 00000000 		.word	_ZL10hold_timer
 583              		.cfi_endproc
 584              	.LFE1314:
 585              		.cantunwind
 586              		.fnend
 588              		.section	.text._ZN4Mode7OffenceEv,"ax",%progbits
 589              		.align	1
 590              		.global	_ZN4Mode7OffenceEv
 591              		.syntax unified
 592              		.thumb
 593              		.thumb_func
 595              	_ZN4Mode7OffenceEv:
 596              		.fnstart
 597              	.LVL45:
 598              	.LFB1199:
  71:src/algorithm/offence/offence.cpp **** void Mode::Offence() {
 599              		.loc 1 71 22 is_stmt 1 view -0
 600              		.cfi_startproc
 601              		@ args = 0, pretend = 0, frame = 0
 602              		@ frame_needed = 0, uses_anonymous_args = 0
  71:src/algorithm/offence/offence.cpp **** void Mode::Offence() {
 603              		.loc 1 71 22 is_stmt 0 view .LVU137
 604 0000 10B5     		push	{r4, lr}
 605              		.save {r4, lr}
 606              	.LCFI6:
 607              		.cfi_def_cfa_offset 8
 608              		.cfi_offset 4, -8
 609              		.cfi_offset 14, -4
 610 0002 0446     		mov	r4, r0
  72:src/algorithm/offence/offence.cpp ****       if (robot->info.Catch.is_front) {
 611              		.loc 1 72 7 is_stmt 1 view .LVU138
  72:src/algorithm/offence/offence.cpp ****       if (robot->info.Catch.is_front) {
 612              		.loc 1 72 11 is_stmt 0 view .LVU139
 613 0004 4068     		ldr	r0, [r0, #4]
 614              	.LVL46:
  72:src/algorithm/offence/offence.cpp ****       if (robot->info.Catch.is_front) {
 615              		.loc 1 72 29 view .LVU140
 616 0006 90F82E30 		ldrb	r3, [r0, #46]	@ zero_extendqisi2
  72:src/algorithm/offence/offence.cpp ****       if (robot->info.Catch.is_front) {
 617              		.loc 1 72 7 view .LVU141
 618 000a 002B     		cmp	r3, #0
 619 000c 43D1     		bne	.L61
  74:src/algorithm/offence/offence.cpp ****       } else if (BALL_NEAR_FRONT) {
 620              		.loc 1 74 14 is_stmt 1 view .LVU142
  74:src/algorithm/offence/offence.cpp ****       } else if (BALL_NEAR_FRONT) {
 621              		.loc 1 74 18 is_stmt 0 view .LVU143
 622 000e B0F94E30 		ldrsh	r3, [r0, #78]
 623 0012 002B     		cmp	r3, #0
 624 0014 B8BF     		it	lt
 625 0016 5B42     		rsblt	r3, r3, #0
 626 0018 9BB2     		uxth	r3, r3
  74:src/algorithm/offence/offence.cpp ****       } else if (BALL_NEAR_FRONT) {
 627              		.loc 1 74 14 view .LVU144
 628 001a 1D2B     		cmp	r3, #29
ARM GAS  /var/folders/5c/srt4fy4j1pd641bjfx75k5000000gn/T//ccMyBKqS.s 			page 15


 629 001c 03D8     		bhi	.L45
  74:src/algorithm/offence/offence.cpp ****       } else if (BALL_NEAR_FRONT) {
 630              		.loc 1 74 18 discriminator 1 view .LVU145
 631 001e 90F85030 		ldrb	r3, [r0, #80]	@ zero_extendqisi2
 632 0022 132B     		cmp	r3, #19
 633 0024 3ED9     		bls	.L62
 634              	.L45:
  77:src/algorithm/offence/offence.cpp ****             robot->dribbler_front.Hold(0);
 635              		.loc 1 77 13 is_stmt 1 view .LVU146
  77:src/algorithm/offence/offence.cpp ****             robot->dribbler_front.Hold(0);
 636              		.loc 1 77 39 is_stmt 0 view .LVU147
 637 0026 0021     		movs	r1, #0
 638 0028 00F58650 		add	r0, r0, #4288
 639 002c 1030     		adds	r0, r0, #16
 640 002e FFF7FEFF 		bl	_ZN13DribblerDrive4HoldEh
 641              	.LVL47:
 642              	.L44:
  80:src/algorithm/offence/offence.cpp ****       if (robot->info.Catch.is_back) {
 643              		.loc 1 80 7 is_stmt 1 view .LVU148
  80:src/algorithm/offence/offence.cpp ****       if (robot->info.Catch.is_back) {
 644              		.loc 1 80 11 is_stmt 0 view .LVU149
 645 0032 6068     		ldr	r0, [r4, #4]
  80:src/algorithm/offence/offence.cpp ****       if (robot->info.Catch.is_back) {
 646              		.loc 1 80 29 view .LVU150
 647 0034 90F83230 		ldrb	r3, [r0, #50]	@ zero_extendqisi2
  80:src/algorithm/offence/offence.cpp ****       if (robot->info.Catch.is_back) {
 648              		.loc 1 80 7 view .LVU151
 649 0038 002B     		cmp	r3, #0
 650 003a 3AD1     		bne	.L63
  82:src/algorithm/offence/offence.cpp ****       } else if (BALL_NEAR_BACK) {
 651              		.loc 1 82 14 is_stmt 1 view .LVU152
  82:src/algorithm/offence/offence.cpp ****       } else if (BALL_NEAR_BACK) {
 652              		.loc 1 82 18 is_stmt 0 view .LVU153
 653 003c B0F94E30 		ldrsh	r3, [r0, #78]
 654 0040 002B     		cmp	r3, #0
 655 0042 B8BF     		it	lt
 656 0044 5B42     		rsblt	r3, r3, #0
 657 0046 9BB2     		uxth	r3, r3
  82:src/algorithm/offence/offence.cpp ****       } else if (BALL_NEAR_BACK) {
 658              		.loc 1 82 14 view .LVU154
 659 0048 962B     		cmp	r3, #150
 660 004a 03D9     		bls	.L48
  82:src/algorithm/offence/offence.cpp ****       } else if (BALL_NEAR_BACK) {
 661              		.loc 1 82 18 discriminator 1 view .LVU155
 662 004c 90F85030 		ldrb	r3, [r0, #80]	@ zero_extendqisi2
 663 0050 132B     		cmp	r3, #19
 664 0052 35D9     		bls	.L64
 665              	.L48:
  85:src/algorithm/offence/offence.cpp ****             robot->dribbler_back.Hold(0);
 666              		.loc 1 85 13 is_stmt 1 view .LVU156
  85:src/algorithm/offence/offence.cpp ****             robot->dribbler_back.Hold(0);
 667              		.loc 1 85 38 is_stmt 0 view .LVU157
 668 0054 0021     		movs	r1, #0
 669 0056 00F58750 		add	r0, r0, #4320
 670 005a 0830     		adds	r0, r0, #8
 671 005c FFF7FEFF 		bl	_ZN13DribblerDrive4HoldEh
 672              	.LVL48:
ARM GAS  /var/folders/5c/srt4fy4j1pd641bjfx75k5000000gn/T//ccMyBKqS.s 			page 16


 673              	.L47:
  89:src/algorithm/offence/offence.cpp ****       if (robot->info.Line.is_on_line || back_to_inside_timer.read_ms() < (pre_speed * 1000)) {
 674              		.loc 1 89 7 is_stmt 1 view .LVU158
  89:src/algorithm/offence/offence.cpp ****       if (robot->info.Line.is_on_line || back_to_inside_timer.read_ms() < (pre_speed * 1000)) {
 675              		.loc 1 89 11 is_stmt 0 view .LVU159
 676 0060 6368     		ldr	r3, [r4, #4]
  89:src/algorithm/offence/offence.cpp ****       if (robot->info.Line.is_on_line || back_to_inside_timer.read_ms() < (pre_speed * 1000)) {
 677              		.loc 1 89 28 view .LVU160
 678 0062 93F82330 		ldrb	r3, [r3, #35]	@ zero_extendqisi2
  89:src/algorithm/offence/offence.cpp ****       if (robot->info.Line.is_on_line || back_to_inside_timer.read_ms() < (pre_speed * 1000)) {
 679              		.loc 1 89 39 view .LVU161
 680 0066 93B9     		cbnz	r3, .L49
  89:src/algorithm/offence/offence.cpp ****       if (robot->info.Line.is_on_line || back_to_inside_timer.read_ms() < (pre_speed * 1000)) {
 681              		.loc 1 89 70 discriminator 2 view .LVU162
 682 0068 3148     		ldr	r0, .L66
 683 006a FFF7FEFF 		bl	_ZN5Timer7read_msEv
 684              	.LVL49:
 685 006e 07EE100A 		vmov	s14, r0	@ int
  89:src/algorithm/offence/offence.cpp ****       if (robot->info.Line.is_on_line || back_to_inside_timer.read_ms() < (pre_speed * 1000)) {
 686              		.loc 1 89 73 discriminator 2 view .LVU163
 687 0072 B8EE477A 		vcvt.f32.u32	s14, s14
  89:src/algorithm/offence/offence.cpp ****       if (robot->info.Line.is_on_line || back_to_inside_timer.read_ms() < (pre_speed * 1000)) {
 688              		.loc 1 89 86 discriminator 2 view .LVU164
 689 0076 2F4B     		ldr	r3, .L66+4
 690 0078 D3ED007A 		vldr.32	s15, [r3]
 691 007c DFED2E6A 		vldr.32	s13, .L66+8
 692 0080 67EEA67A 		vmul.f32	s15, s15, s13
  89:src/algorithm/offence/offence.cpp ****       if (robot->info.Line.is_on_line || back_to_inside_timer.read_ms() < (pre_speed * 1000)) {
 693              		.loc 1 89 39 discriminator 2 view .LVU165
 694 0084 B4EEE77A 		vcmpe.f32	s14, s15
 695 0088 F1EE10FA 		vmrs	APSR_nzcv, FPSCR
 696 008c 1FD5     		bpl	.L59
 697              	.L49:
  90:src/algorithm/offence/offence.cpp ****             OnLine(robot);
 698              		.loc 1 90 13 is_stmt 1 discriminator 3 view .LVU166
  90:src/algorithm/offence/offence.cpp ****             OnLine(robot);
 699              		.loc 1 90 19 is_stmt 0 discriminator 3 view .LVU167
 700 008e 6068     		ldr	r0, [r4, #4]
 701 0090 FFF7FEFF 		bl	_Z6OnLineP5Robot
 702              	.LVL50:
 703              	.L42:
 704              		.loc 1 111 1 view .LVU168
 705 0094 10BD     		pop	{r4, pc}
 706              	.LVL51:
 707              	.L61:
  73:src/algorithm/offence/offence.cpp ****             robot->dribbler_front.Hold(HOLD_MAX_POWER);
 708              		.loc 1 73 13 is_stmt 1 view .LVU169
  73:src/algorithm/offence/offence.cpp ****             robot->dribbler_front.Hold(HOLD_MAX_POWER);
 709              		.loc 1 73 39 is_stmt 0 view .LVU170
 710 0096 6421     		movs	r1, #100
 711 0098 00F58650 		add	r0, r0, #4288
 712 009c 1030     		adds	r0, r0, #16
 713 009e FFF7FEFF 		bl	_ZN13DribblerDrive4HoldEh
 714              	.LVL52:
 715 00a2 C6E7     		b	.L44
 716              	.L62:
  75:src/algorithm/offence/offence.cpp ****             robot->dribbler_front.Hold(HOLD_WAIT_POWER);
ARM GAS  /var/folders/5c/srt4fy4j1pd641bjfx75k5000000gn/T//ccMyBKqS.s 			page 17


 717              		.loc 1 75 13 is_stmt 1 view .LVU171
  75:src/algorithm/offence/offence.cpp ****             robot->dribbler_front.Hold(HOLD_WAIT_POWER);
 718              		.loc 1 75 39 is_stmt 0 view .LVU172
 719 00a4 3221     		movs	r1, #50
 720 00a6 00F58650 		add	r0, r0, #4288
 721 00aa 1030     		adds	r0, r0, #16
 722 00ac FFF7FEFF 		bl	_ZN13DribblerDrive4HoldEh
 723              	.LVL53:
 724 00b0 BFE7     		b	.L44
 725              	.L63:
  81:src/algorithm/offence/offence.cpp ****             robot->dribbler_back.Hold(HOLD_MAX_POWER);
 726              		.loc 1 81 13 is_stmt 1 view .LVU173
  81:src/algorithm/offence/offence.cpp ****             robot->dribbler_back.Hold(HOLD_MAX_POWER);
 727              		.loc 1 81 38 is_stmt 0 view .LVU174
 728 00b2 6421     		movs	r1, #100
 729 00b4 00F58750 		add	r0, r0, #4320
 730 00b8 0830     		adds	r0, r0, #8
 731 00ba FFF7FEFF 		bl	_ZN13DribblerDrive4HoldEh
 732              	.LVL54:
 733 00be CFE7     		b	.L47
 734              	.L64:
  83:src/algorithm/offence/offence.cpp ****             robot->dribbler_back.Hold(HOLD_WAIT_POWER);
 735              		.loc 1 83 13 is_stmt 1 view .LVU175
  83:src/algorithm/offence/offence.cpp ****             robot->dribbler_back.Hold(HOLD_WAIT_POWER);
 736              		.loc 1 83 38 is_stmt 0 view .LVU176
 737 00c0 3221     		movs	r1, #50
 738 00c2 00F58750 		add	r0, r0, #4320
 739 00c6 0830     		adds	r0, r0, #8
 740 00c8 FFF7FEFF 		bl	_ZN13DribblerDrive4HoldEh
 741              	.LVL55:
 742 00cc C8E7     		b	.L47
 743              	.L59:
  92:src/algorithm/offence/offence.cpp ****             is_pre_on_line = false;
 744              		.loc 1 92 13 is_stmt 1 view .LVU177
  92:src/algorithm/offence/offence.cpp ****             is_pre_on_line = false;
 745              		.loc 1 92 28 is_stmt 0 view .LVU178
 746 00ce 1B4B     		ldr	r3, .L66+12
 747 00d0 0022     		movs	r2, #0
 748 00d2 1A70     		strb	r2, [r3]
  96:src/algorithm/offence/offence.cpp ****             if (robot->info.Catch.is_front == true || do_front_curve_shoot == true) {
 749              		.loc 1 96 13 is_stmt 1 view .LVU179
  96:src/algorithm/offence/offence.cpp ****             if (robot->info.Catch.is_front == true || do_front_curve_shoot == true) {
 750              		.loc 1 96 17 is_stmt 0 view .LVU180
 751 00d4 6068     		ldr	r0, [r4, #4]
  96:src/algorithm/offence/offence.cpp ****             if (robot->info.Catch.is_front == true || do_front_curve_shoot == true) {
 752              		.loc 1 96 35 view .LVU181
 753 00d6 90F82E30 		ldrb	r3, [r0, #46]	@ zero_extendqisi2
  96:src/algorithm/offence/offence.cpp ****             if (robot->info.Catch.is_front == true || do_front_curve_shoot == true) {
 754              		.loc 1 96 13 view .LVU182
 755 00da 13B9     		cbnz	r3, .L53
  96:src/algorithm/offence/offence.cpp ****             if (robot->info.Catch.is_front == true || do_front_curve_shoot == true) {
 756              		.loc 1 96 76 discriminator 1 view .LVU183
 757 00dc 184B     		ldr	r3, .L66+16
 758 00de 1B78     		ldrb	r3, [r3]	@ zero_extendqisi2
  96:src/algorithm/offence/offence.cpp ****             if (robot->info.Catch.is_front == true || do_front_curve_shoot == true) {
 759              		.loc 1 96 52 discriminator 1 view .LVU184
 760 00e0 13B1     		cbz	r3, .L54
ARM GAS  /var/folders/5c/srt4fy4j1pd641bjfx75k5000000gn/T//ccMyBKqS.s 			page 18


 761              	.L53:
  97:src/algorithm/offence/offence.cpp ****                   HoldBallFront(robot);
 762              		.loc 1 97 19 is_stmt 1 view .LVU185
  97:src/algorithm/offence/offence.cpp ****                   HoldBallFront(robot);
 763              		.loc 1 97 32 is_stmt 0 view .LVU186
 764 00e2 FFF7FEFF 		bl	_ZL13HoldBallFrontP5Robot
 765              	.LVL56:
 766 00e6 D5E7     		b	.L42
 767              	.L54:
  98:src/algorithm/offence/offence.cpp ****             } else if (robot->info.Catch.is_back == true || do_back_curve_shoot == true) {
 768              		.loc 1 98 20 is_stmt 1 view .LVU187
  98:src/algorithm/offence/offence.cpp ****             } else if (robot->info.Catch.is_back == true || do_back_curve_shoot == true) {
 769              		.loc 1 98 42 is_stmt 0 view .LVU188
 770 00e8 90F83230 		ldrb	r3, [r0, #50]	@ zero_extendqisi2
  98:src/algorithm/offence/offence.cpp ****             } else if (robot->info.Catch.is_back == true || do_back_curve_shoot == true) {
 771              		.loc 1 98 20 view .LVU189
 772 00ec 13B9     		cbnz	r3, .L55
  98:src/algorithm/offence/offence.cpp ****             } else if (robot->info.Catch.is_back == true || do_back_curve_shoot == true) {
 773              		.loc 1 98 81 discriminator 1 view .LVU190
 774 00ee 154B     		ldr	r3, .L66+20
 775 00f0 1B78     		ldrb	r3, [r3]	@ zero_extendqisi2
  98:src/algorithm/offence/offence.cpp ****             } else if (robot->info.Catch.is_back == true || do_back_curve_shoot == true) {
 776              		.loc 1 98 58 discriminator 1 view .LVU191
 777 00f2 6BB1     		cbz	r3, .L56
 778              	.L55:
  99:src/algorithm/offence/offence.cpp ****                   if (do_back_curve_shoot == false) do_back_curve_shoot_timer.reset();
 779              		.loc 1 99 19 is_stmt 1 view .LVU192
  99:src/algorithm/offence/offence.cpp ****                   if (do_back_curve_shoot == false) do_back_curve_shoot_timer.reset();
 780              		.loc 1 99 43 is_stmt 0 view .LVU193
 781 00f4 134B     		ldr	r3, .L66+20
 782 00f6 1B78     		ldrb	r3, [r3]	@ zero_extendqisi2
  99:src/algorithm/offence/offence.cpp ****                   if (do_back_curve_shoot == false) do_back_curve_shoot_timer.reset();
 783              		.loc 1 99 19 view .LVU194
 784 00f8 33B1     		cbz	r3, .L65
 785              	.L57:
 100:src/algorithm/offence/offence.cpp ****                   do_back_curve_shoot = true;
 786              		.loc 1 100 19 is_stmt 1 view .LVU195
 100:src/algorithm/offence/offence.cpp ****                   do_back_curve_shoot = true;
 787              		.loc 1 100 39 is_stmt 0 view .LVU196
 788 00fa 124B     		ldr	r3, .L66+20
 789 00fc 0122     		movs	r2, #1
 790 00fe 1A70     		strb	r2, [r3]
 102:src/algorithm/offence/offence.cpp ****                   HoldBallBack(robot);
 791              		.loc 1 102 19 is_stmt 1 view .LVU197
 102:src/algorithm/offence/offence.cpp ****                   HoldBallBack(robot);
 792              		.loc 1 102 31 is_stmt 0 view .LVU198
 793 0100 6068     		ldr	r0, [r4, #4]
 794 0102 FFF7FEFF 		bl	_ZL12HoldBallBackP5Robot
 795              	.LVL57:
 796 0106 C5E7     		b	.L42
 797              	.L65:
  99:src/algorithm/offence/offence.cpp ****                   if (do_back_curve_shoot == false) do_back_curve_shoot_timer.reset();
 798              		.loc 1 99 53 is_stmt 1 discriminator 1 view .LVU199
  99:src/algorithm/offence/offence.cpp ****                   if (do_back_curve_shoot == false) do_back_curve_shoot_timer.reset();
 799              		.loc 1 99 84 is_stmt 0 discriminator 1 view .LVU200
 800 0108 0F48     		ldr	r0, .L66+24
 801 010a FFF7FEFF 		bl	_ZN5Timer5resetEv
ARM GAS  /var/folders/5c/srt4fy4j1pd641bjfx75k5000000gn/T//ccMyBKqS.s 			page 19


 802              	.LVL58:
 803 010e F4E7     		b	.L57
 804              	.L56:
 104:src/algorithm/offence/offence.cpp ****                   if (abs(robot->info.Cam.ball_dir) < 120) {
 805              		.loc 1 104 19 is_stmt 1 view .LVU201
 104:src/algorithm/offence/offence.cpp ****                   if (abs(robot->info.Cam.ball_dir) < 120) {
 806              		.loc 1 104 23 is_stmt 0 view .LVU202
 807 0110 B0F94E30 		ldrsh	r3, [r0, #78]
 808 0114 002B     		cmp	r3, #0
 809 0116 B8BF     		it	lt
 810 0118 5B42     		rsblt	r3, r3, #0
 811 011a 9BB2     		uxth	r3, r3
 104:src/algorithm/offence/offence.cpp ****                   if (abs(robot->info.Cam.ball_dir) < 120) {
 812              		.loc 1 104 19 view .LVU203
 813 011c 772B     		cmp	r3, #119
 814 011e 03D8     		bhi	.L58
 105:src/algorithm/offence/offence.cpp ****                         CaptureBall(robot, 0);
 815              		.loc 1 105 25 is_stmt 1 view .LVU204
 105:src/algorithm/offence/offence.cpp ****                         CaptureBall(robot, 0);
 816              		.loc 1 105 36 is_stmt 0 view .LVU205
 817 0120 0021     		movs	r1, #0
 818 0122 FFF7FEFF 		bl	_Z11CaptureBallP5Robots
 819              	.LVL59:
 820 0126 B5E7     		b	.L42
 821              	.L58:
 107:src/algorithm/offence/offence.cpp ****                         CaptureBall(robot, 180);
 822              		.loc 1 107 25 is_stmt 1 view .LVU206
 107:src/algorithm/offence/offence.cpp ****                         CaptureBall(robot, 180);
 823              		.loc 1 107 36 is_stmt 0 view .LVU207
 824 0128 B421     		movs	r1, #180
 825 012a FFF7FEFF 		bl	_Z11CaptureBallP5Robots
 826              	.LVL60:
 827              		.loc 1 111 1 view .LVU208
 828 012e B1E7     		b	.L42
 829              	.L67:
 830              		.align	2
 831              	.L66:
 832 0130 00000000 		.word	back_to_inside_timer
 833 0134 00000000 		.word	pre_speed
 834 0138 00007A44 		.word	1148846080
 835 013c 00000000 		.word	is_pre_on_line
 836 0140 00000000 		.word	_ZL20do_front_curve_shoot
 837 0144 00000000 		.word	_ZL19do_back_curve_shoot
 838 0148 00000000 		.word	_ZL25do_back_curve_shoot_timer
 839              		.cfi_endproc
 840              	.LFE1199:
 841              		.fnend
 843              		.section	.text._GLOBAL__sub_I__ZN4Mode7OffenceEv,"ax",%progbits
 844              		.align	1
 845              		.syntax unified
 846              		.thumb
 847              		.thumb_func
 849              	_GLOBAL__sub_I__ZN4Mode7OffenceEv:
 850              		.fnstart
 851              	.LFB1315:
 852              		.loc 1 111 1 is_stmt 1 view -0
 853              		.cfi_startproc
ARM GAS  /var/folders/5c/srt4fy4j1pd641bjfx75k5000000gn/T//ccMyBKqS.s 			page 20


 854              		@ args = 0, pretend = 0, frame = 0
 855              		@ frame_needed = 0, uses_anonymous_args = 0
 856 0000 08B5     		push	{r3, lr}
 857              	.LCFI7:
 858              		.cfi_def_cfa_offset 8
 859              		.cfi_offset 3, -8
 860              		.cfi_offset 14, -4
 861              		.loc 1 111 1 is_stmt 0 view .LVU210
 862 0002 4FF6FF71 		movw	r1, #65535
 863 0006 0120     		movs	r0, #1
 864 0008 FFF7FEFF 		bl	_Z41__static_initialization_and_destruction_0ii
 865              	.LVL61:
 866 000c 08BD     		pop	{r3, pc}
 867              		.cfi_endproc
 868              	.LFE1315:
 869              		.cantunwind
 870              		.fnend
 872              		.section	.init_array,"aw",%init_array
 873              		.align	2
 874 0000 00000000 		.word	_GLOBAL__sub_I__ZN4Mode7OffenceEv(target1)
 875              		.section	.bss._ZZL12HoldBallBackP5RobotE12enable_shoot,"aw",%nobits
 878              	_ZZL12HoldBallBackP5RobotE12enable_shoot:
 879 0000 00       		.space	1
 880              		.section	.bss._ZZL12HoldBallBackP5RobotE9shoot_dir,"aw",%nobits
 881              		.align	1
 884              	_ZZL12HoldBallBackP5RobotE9shoot_dir:
 885 0000 0000     		.space	2
 886              		.section	.bss._ZL20do_front_curve_shoot,"aw",%nobits
 889              	_ZL20do_front_curve_shoot:
 890 0000 00       		.space	1
 891              		.section	.bss._ZL19do_back_curve_shoot,"aw",%nobits
 894              	_ZL19do_back_curve_shoot:
 895 0000 00       		.space	1
 896              		.section	.bss._ZL10hold_timer,"aw",%nobits
 897              		.align	2
 900              	_ZL10hold_timer:
 901 0000 00000000 		.space	4
 902              		.section	.bss._ZL26do_front_curve_shoot_timer,"aw",%nobits
 903              		.align	2
 906              	_ZL26do_front_curve_shoot_timer:
 907 0000 00000000 		.space	4
 908              		.section	.bss._ZL25do_back_curve_shoot_timer,"aw",%nobits
 909              		.align	2
 912              	_ZL25do_back_curve_shoot_timer:
 913 0000 00000000 		.space	4
 914              		.text
 915              	.Letext0:
 916              		.file 2 "/opt/ST/STM32CubeCLT_1.16.0/GNU-tools-for-STM32/arm-none-eabi/include/c++/12.3.1/cmath"
 917              		.file 3 "/opt/ST/STM32CubeCLT_1.16.0/GNU-tools-for-STM32/arm-none-eabi/include/c++/12.3.1/type_tra
 918              		.file 4 "/opt/ST/STM32CubeCLT_1.16.0/GNU-tools-for-STM32/arm-none-eabi/include/c++/12.3.1/debug/de
 919              		.file 5 "/opt/ST/STM32CubeCLT_1.16.0/GNU-tools-for-STM32/arm-none-eabi/include/c++/12.3.1/cstdio"
 920              		.file 6 "/opt/ST/STM32CubeCLT_1.16.0/GNU-tools-for-STM32/arm-none-eabi/include/c++/12.3.1/bits/stl
 921              		.file 7 "/opt/ST/STM32CubeCLT_1.16.0/GNU-tools-for-STM32/arm-none-eabi/include/c++/12.3.1/arm-none
 922              		.file 8 "/opt/ST/STM32CubeCLT_1.16.0/GNU-tools-for-STM32/arm-none-eabi/include/c++/12.3.1/bits/pre
 923              		.file 9 "/opt/ST/STM32CubeCLT_1.16.0/GNU-tools-for-STM32/lib/gcc/arm-none-eabi/12.3.1/include/stdd
 924              		.file 10 "/opt/ST/STM32CubeCLT_1.16.0/GNU-tools-for-STM32/arm-none-eabi/include/machine/_default_t
 925              		.file 11 "/opt/ST/STM32CubeCLT_1.16.0/GNU-tools-for-STM32/arm-none-eabi/include/sys/_types.h"
ARM GAS  /var/folders/5c/srt4fy4j1pd641bjfx75k5000000gn/T//ccMyBKqS.s 			page 21


 926              		.file 12 "/opt/ST/STM32CubeCLT_1.16.0/GNU-tools-for-STM32/arm-none-eabi/include/sys/reent.h"
 927              		.file 13 "/opt/ST/STM32CubeCLT_1.16.0/GNU-tools-for-STM32/arm-none-eabi/include/sys/lock.h"
 928              		.file 14 "/opt/ST/STM32CubeCLT_1.16.0/GNU-tools-for-STM32/arm-none-eabi/include/math.h"
 929              		.file 15 "/opt/ST/STM32CubeCLT_1.16.0/GNU-tools-for-STM32/arm-none-eabi/include/stdio.h"
 930              		.file 16 "/opt/ST/STM32CubeCLT_1.16.0/GNU-tools-for-STM32/arm-none-eabi/include/sys/_stdint.h"
 931              		.file 17 "Drivers/CMSIS/Device/ST/STM32F4xx/Include/stm32f446xx.h"
 932              		.file 18 "Drivers/CMSIS/Device/ST/STM32F4xx/Include/stm32f4xx.h"
 933              		.file 19 "Drivers/STM32F4xx_HAL_Driver/Inc/stm32f4xx_hal_def.h"
 934              		.file 20 "Drivers/STM32F4xx_HAL_Driver/Inc/stm32f4xx_hal_dma.h"
 935              		.file 21 "Drivers/STM32F4xx_HAL_Driver/Inc/stm32f4xx_hal_tim.h"
 936              		.file 22 "Drivers/STM32F4xx_HAL_Driver/Inc/stm32f4xx_hal_uart.h"
 937              		.file 23 "Drivers/STM32F4xx_HAL_Driver/Inc/stm32f4xx_hal.h"
 938              		.file 24 "Lib/BufferedSerial/BufferedSerial.hpp"
 939              		.file 25 "Lib/DigitalInOut/DigitalInOut.hpp"
 940              		.file 26 "Lib/MovingAve/MovingAve.hpp"
 941              		.file 27 "Lib/PWMSingle/PWMSingle.hpp"
 942              		.file 28 "Lib/Timer/Timer.hpp"
 943              		.file 29 "src/unit/dribbler_drive/dribbler_drive.hpp"
 944              		.file 30 "src/unit/kicker/kicker.hpp"
 945              		.file 31 "Lib/pid/pid.hpp"
 946              		.file 32 "src/unit/motor_drive/motor_drive.hpp"
 947              		.file 33 "src/unit/robot/robot.hpp"
 948              		.file 34 "src/mode/mode.hpp"
 949              		.file 35 "src/algorithm/offence/on_line.hpp"
 950              		.file 36 "src/algorithm/capture_ball.hpp"
ARM GAS  /var/folders/5c/srt4fy4j1pd641bjfx75k5000000gn/T//ccMyBKqS.s 			page 22


DEFINED SYMBOLS
                            *ABS*:00000000 offence.cpp
/var/folders/5c/srt4fy4j1pd641bjfx75k5000000gn/T//ccMyBKqS.s:21     .text._ZL13HoldBallFrontP5Robot:00000000 $t
/var/folders/5c/srt4fy4j1pd641bjfx75k5000000gn/T//ccMyBKqS.s:26     .text._ZL13HoldBallFrontP5Robot:00000000 _ZL13HoldBallFrontP5Robot
/var/folders/5c/srt4fy4j1pd641bjfx75k5000000gn/T//ccMyBKqS.s:268    .text._ZL13HoldBallFrontP5Robot:00000130 $d
/var/folders/5c/srt4fy4j1pd641bjfx75k5000000gn/T//ccMyBKqS.s:889    .bss._ZL20do_front_curve_shoot:00000000 _ZL20do_front_curve_shoot
/var/folders/5c/srt4fy4j1pd641bjfx75k5000000gn/T//ccMyBKqS.s:900    .bss._ZL10hold_timer:00000000 _ZL10hold_timer
/var/folders/5c/srt4fy4j1pd641bjfx75k5000000gn/T//ccMyBKqS.s:906    .bss._ZL26do_front_curve_shoot_timer:00000000 _ZL26do_front_curve_shoot_timer
.ARM.exidx.text._ZL13HoldBallFrontP5Robot:00000000 $d
/var/folders/5c/srt4fy4j1pd641bjfx75k5000000gn/T//ccMyBKqS.s:280    .text._ZL12HoldBallBackP5Robot:00000000 $t
/var/folders/5c/srt4fy4j1pd641bjfx75k5000000gn/T//ccMyBKqS.s:285    .text._ZL12HoldBallBackP5Robot:00000000 _ZL12HoldBallBackP5Robot
/var/folders/5c/srt4fy4j1pd641bjfx75k5000000gn/T//ccMyBKqS.s:515    .text._ZL12HoldBallBackP5Robot:00000128 $d
/var/folders/5c/srt4fy4j1pd641bjfx75k5000000gn/T//ccMyBKqS.s:894    .bss._ZL19do_back_curve_shoot:00000000 _ZL19do_back_curve_shoot
/var/folders/5c/srt4fy4j1pd641bjfx75k5000000gn/T//ccMyBKqS.s:912    .bss._ZL25do_back_curve_shoot_timer:00000000 _ZL25do_back_curve_shoot_timer
/var/folders/5c/srt4fy4j1pd641bjfx75k5000000gn/T//ccMyBKqS.s:878    .bss._ZZL12HoldBallBackP5RobotE12enable_shoot:00000000 _ZZL12HoldBallBackP5RobotE12enable_shoot
/var/folders/5c/srt4fy4j1pd641bjfx75k5000000gn/T//ccMyBKqS.s:884    .bss._ZZL12HoldBallBackP5RobotE9shoot_dir:00000000 _ZZL12HoldBallBackP5RobotE9shoot_dir
.ARM.exidx.text._ZL12HoldBallBackP5Robot:00000000 $d
/var/folders/5c/srt4fy4j1pd641bjfx75k5000000gn/T//ccMyBKqS.s:527    .text._Z41__static_initialization_and_destruction_0ii:00000000 $t
/var/folders/5c/srt4fy4j1pd641bjfx75k5000000gn/T//ccMyBKqS.s:532    .text._Z41__static_initialization_and_destruction_0ii:00000000 _Z41__static_initialization_and_destruction_0ii
/var/folders/5c/srt4fy4j1pd641bjfx75k5000000gn/T//ccMyBKqS.s:580    .text._Z41__static_initialization_and_destruction_0ii:00000028 $d
.ARM.exidx.text._Z41__static_initialization_and_destruction_0ii:00000000 $d
/var/folders/5c/srt4fy4j1pd641bjfx75k5000000gn/T//ccMyBKqS.s:589    .text._ZN4Mode7OffenceEv:00000000 $t
/var/folders/5c/srt4fy4j1pd641bjfx75k5000000gn/T//ccMyBKqS.s:595    .text._ZN4Mode7OffenceEv:00000000 _ZN4Mode7OffenceEv
/var/folders/5c/srt4fy4j1pd641bjfx75k5000000gn/T//ccMyBKqS.s:832    .text._ZN4Mode7OffenceEv:00000130 $d
.ARM.exidx.text._ZN4Mode7OffenceEv:00000000 $d
/var/folders/5c/srt4fy4j1pd641bjfx75k5000000gn/T//ccMyBKqS.s:844    .text._GLOBAL__sub_I__ZN4Mode7OffenceEv:00000000 $t
/var/folders/5c/srt4fy4j1pd641bjfx75k5000000gn/T//ccMyBKqS.s:849    .text._GLOBAL__sub_I__ZN4Mode7OffenceEv:00000000 _GLOBAL__sub_I__ZN4Mode7OffenceEv
.ARM.exidx.text._GLOBAL__sub_I__ZN4Mode7OffenceEv:00000000 $d
/var/folders/5c/srt4fy4j1pd641bjfx75k5000000gn/T//ccMyBKqS.s:873    .init_array:00000000 $d
/var/folders/5c/srt4fy4j1pd641bjfx75k5000000gn/T//ccMyBKqS.s:879    .bss._ZZL12HoldBallBackP5RobotE12enable_shoot:00000000 $d
/var/folders/5c/srt4fy4j1pd641bjfx75k5000000gn/T//ccMyBKqS.s:881    .bss._ZZL12HoldBallBackP5RobotE9shoot_dir:00000000 $d
/var/folders/5c/srt4fy4j1pd641bjfx75k5000000gn/T//ccMyBKqS.s:890    .bss._ZL20do_front_curve_shoot:00000000 $d
/var/folders/5c/srt4fy4j1pd641bjfx75k5000000gn/T//ccMyBKqS.s:895    .bss._ZL19do_back_curve_shoot:00000000 $d
/var/folders/5c/srt4fy4j1pd641bjfx75k5000000gn/T//ccMyBKqS.s:897    .bss._ZL10hold_timer:00000000 $d
/var/folders/5c/srt4fy4j1pd641bjfx75k5000000gn/T//ccMyBKqS.s:903    .bss._ZL26do_front_curve_shoot_timer:00000000 $d
/var/folders/5c/srt4fy4j1pd641bjfx75k5000000gn/T//ccMyBKqS.s:909    .bss._ZL25do_back_curve_shoot_timer:00000000 $d

UNDEFINED SYMBOLS
_ZN5Timer7read_msEv
_ZN10MotorDrive5BrakeEt
_ZN13DribblerDrive5BrakeEt
_ZN6Kicker4KickEf
_ZN10MotorDrive5DriveEsffsfh
_ZN5Timer5resetEv
__aeabi_unwind_cpp_pr0
_ZN10MotorDrive3RunEssss
_ZN5TimerC1Ev
_ZN13DribblerDrive4HoldEh
_Z6OnLineP5Robot
_Z11CaptureBallP5Robots
back_to_inside_timer
pre_speed
is_pre_on_line
